This is pdfTeX, Version 3.14159265-2.6-1.40.16 (TeX Live 2015/Debian) (preloaded format=pdflatex 2015.11.19)  6 APR 2016 16:54
entering extended mode
 restricted \write18 enabled.
 %&-line parsing enabled.
**DivaLecce2016_diva4D.tex
(./DivaLecce2016_diva4D.tex
LaTeX2e <2015/01/01>
Babel <3.9l> and hyphenation patterns for 79 languages loaded.
(./GHERheader2015.tex
(/usr/share/texlive/texmf-dist/tex/latex/beamer/beamer.cls
(/usr/share/texlive/texmf-dist/tex/latex/beamer/beamerbasercs.sty
Package: beamerbasercs 2015/03/08 (rcs-revision 368aa9ba9d38)
)
Document Class: beamer 2015/01/05 3.36 A class for typesetting presentations (r
cs-revision 8a39122e1f63)
(/usr/share/texlive/texmf-dist/tex/latex/beamer/beamerbasemodes.sty
Package: beamerbasemodes 2013/09/03 (rcs-revision 768f2d98ca64)
\beamer@tempbox=\box26
\beamer@tempcount=\count79
\c@beamerpauses=\count80

(/usr/share/texlive/texmf-dist/tex/latex/beamer/beamerbasedecode.sty
Package: beamerbasedecode 2010/05/01 (rcs-revision efa082c6111d)
\beamer@slideinframe=\count81
\beamer@minimum=\count82
)
\beamer@commentbox=\box27
\beamer@modecount=\count83
)
(/usr/share/texlive/texmf-dist/tex/generic/oberdiek/ifpdf.sty
Package: ifpdf 2011/01/30 v2.3 Provides the ifpdf switch (HO)
Package ifpdf Info: pdfTeX in PDF mode is detected.
)
\headheight=\dimen102
\headdp=\dimen103
\footheight=\dimen104
\sidebarheight=\dimen105
\beamer@tempdim=\dimen106
\beamer@finalheight=\dimen107
\beamer@animht=\dimen108
\beamer@animdp=\dimen109
\beamer@animwd=\dimen110
\beamer@leftmargin=\dimen111
\beamer@rightmargin=\dimen112
\beamer@leftsidebar=\dimen113
\beamer@rightsidebar=\dimen114
\beamer@boxsize=\dimen115
\beamer@vboxoffset=\dimen116
\beamer@descdefault=\dimen117
\beamer@descriptionwidth=\dimen118
\beamer@lastskip=\skip41
\beamer@areabox=\box28
\beamer@animcurrent=\box29
\beamer@animshowbox=\box30
\beamer@sectionbox=\box31
\beamer@logobox=\box32
\beamer@linebox=\box33
\beamer@sectioncount=\count84
\beamer@subsubsectionmax=\count85
\beamer@subsectionmax=\count86
\beamer@sectionmax=\count87
\beamer@totalheads=\count88
\beamer@headcounter=\count89
\beamer@partstartpage=\count90
\beamer@sectionstartpage=\count91
\beamer@subsectionstartpage=\count92
\beamer@animationtempa=\count93
\beamer@animationtempb=\count94
\beamer@xpos=\count95
\beamer@ypos=\count96
\beamer@showpartnumber=\count97
\beamer@currentsubsection=\count98
\beamer@coveringdepth=\count99
\beamer@sectionadjust=\count100
\beamer@tocsectionnumber=\count101

(/usr/share/texlive/texmf-dist/tex/latex/beamer/beamerbaseoptions.sty
Package: beamerbaseoptions 2013/03/10 (rcs-revision 47431932db0d)

(/usr/share/texlive/texmf-dist/tex/latex/graphics/keyval.sty
Package: keyval 2014/10/28 v1.15 key=value parser (DPC)
\KV@toks@=\toks14
))
\beamer@paperwidth=\skip42
\beamer@paperheight=\skip43

(/usr/share/texlive/texmf-dist/tex/latex/geometry/geometry.sty
Package: geometry 2010/09/12 v5.6 Page Geometry

(/usr/share/texlive/texmf-dist/tex/generic/oberdiek/ifvtex.sty
Package: ifvtex 2010/03/01 v1.5 Detect VTeX and its facilities (HO)
Package ifvtex Info: VTeX not detected.
)
(/usr/share/texlive/texmf-dist/tex/generic/ifxetex/ifxetex.sty
Package: ifxetex 2010/09/12 v0.6 Provides ifxetex conditional
)
\Gm@cnth=\count102
\Gm@cntv=\count103
\c@Gm@tempcnt=\count104
\Gm@bindingoffset=\dimen119
\Gm@wd@mp=\dimen120
\Gm@odd@mp=\dimen121
\Gm@even@mp=\dimen122
\Gm@layoutwidth=\dimen123
\Gm@layoutheight=\dimen124
\Gm@layouthoffset=\dimen125
\Gm@layoutvoffset=\dimen126
\Gm@dimlist=\toks15
)
(/usr/share/texlive/texmf-dist/tex/latex/base/size11.clo
File: size11.clo 2014/09/29 v1.4h Standard LaTeX file (size option)
)
(/usr/share/texlive/texmf-dist/tex/latex/pgf/basiclayer/pgfcore.sty
(/usr/share/texlive/texmf-dist/tex/latex/graphics/graphicx.sty
Package: graphicx 2014/10/28 v1.0g Enhanced LaTeX Graphics (DPC,SPQR)

(/usr/share/texlive/texmf-dist/tex/latex/graphics/graphics.sty
Package: graphics 2014/10/28 v1.0p Standard LaTeX Graphics (DPC,SPQR)

(/usr/share/texlive/texmf-dist/tex/latex/graphics/trig.sty
Package: trig 1999/03/16 v1.09 sin cos tan (DPC)
)
(/usr/share/texlive/texmf-dist/tex/latex/latexconfig/graphics.cfg
File: graphics.cfg 2010/04/23 v1.9 graphics configuration of TeX Live
)
Package graphics Info: Driver file: pdftex.def on input line 94.

(/usr/share/texlive/texmf-dist/tex/latex/pdftex-def/pdftex.def
File: pdftex.def 2011/05/27 v0.06d Graphics/color for pdfTeX

(/usr/share/texlive/texmf-dist/tex/generic/oberdiek/infwarerr.sty
Package: infwarerr 2010/04/08 v1.3 Providing info/warning/error messages (HO)
)
(/usr/share/texlive/texmf-dist/tex/generic/oberdiek/ltxcmds.sty
Package: ltxcmds 2011/11/09 v1.22 LaTeX kernel commands for general use (HO)
)
\Gread@gobject=\count105
))
\Gin@req@height=\dimen127
\Gin@req@width=\dimen128
)
(/usr/share/texlive/texmf-dist/tex/latex/pgf/systemlayer/pgfsys.sty
(/usr/share/texlive/texmf-dist/tex/latex/pgf/utilities/pgfrcs.sty
(/usr/share/texlive/texmf-dist/tex/generic/pgf/utilities/pgfutil-common.tex
\pgfutil@everybye=\toks16
\pgfutil@tempdima=\dimen129
\pgfutil@tempdimb=\dimen130

(/usr/share/texlive/texmf-dist/tex/generic/pgf/utilities/pgfutil-common-lists.t
ex)) (/usr/share/texlive/texmf-dist/tex/generic/pgf/utilities/pgfutil-latex.def
\pgfutil@abb=\box34
(/usr/share/texlive/texmf-dist/tex/latex/ms/everyshi.sty
Package: everyshi 2001/05/15 v3.00 EveryShipout Package (MS)
))
(/usr/share/texlive/texmf-dist/tex/generic/pgf/utilities/pgfrcs.code.tex
Package: pgfrcs 2013/12/20 v3.0.0 (rcs-revision 1.28)
))
(/usr/share/texlive/texmf-dist/tex/generic/pgf/systemlayer/pgfsys.code.tex
Package: pgfsys 2013/11/30 v3.0.0 (rcs-revision 1.47)

(/usr/share/texlive/texmf-dist/tex/generic/pgf/utilities/pgfkeys.code.tex
\pgfkeys@pathtoks=\toks17
\pgfkeys@temptoks=\toks18

(/usr/share/texlive/texmf-dist/tex/generic/pgf/utilities/pgfkeysfiltered.code.t
ex
\pgfkeys@tmptoks=\toks19
))
\pgf@x=\dimen131
\pgf@y=\dimen132
\pgf@xa=\dimen133
\pgf@ya=\dimen134
\pgf@xb=\dimen135
\pgf@yb=\dimen136
\pgf@xc=\dimen137
\pgf@yc=\dimen138
\w@pgf@writea=\write3
\r@pgf@reada=\read1
\c@pgf@counta=\count106
\c@pgf@countb=\count107
\c@pgf@countc=\count108
\c@pgf@countd=\count109
\t@pgf@toka=\toks20
\t@pgf@tokb=\toks21
\t@pgf@tokc=\toks22
 (/usr/share/texlive/texmf-dist/tex/generic/pgf/systemlayer/pgf.cfg
File: pgf.cfg 2008/05/14  (rcs-revision 1.7)
)
Driver file for pgf: pgfsys-pdftex.def

(/usr/share/texlive/texmf-dist/tex/generic/pgf/systemlayer/pgfsys-pdftex.def
File: pgfsys-pdftex.def 2013/07/18  (rcs-revision 1.33)

(/usr/share/texlive/texmf-dist/tex/generic/pgf/systemlayer/pgfsys-common-pdf.de
f
File: pgfsys-common-pdf.def 2013/10/10  (rcs-revision 1.13)
)))
(/usr/share/texlive/texmf-dist/tex/generic/pgf/systemlayer/pgfsyssoftpath.code.
tex
File: pgfsyssoftpath.code.tex 2013/09/09  (rcs-revision 1.9)
\pgfsyssoftpath@smallbuffer@items=\count110
\pgfsyssoftpath@bigbuffer@items=\count111
)
(/usr/share/texlive/texmf-dist/tex/generic/pgf/systemlayer/pgfsysprotocol.code.
tex
File: pgfsysprotocol.code.tex 2006/10/16  (rcs-revision 1.4)
)) (/usr/share/texlive/texmf-dist/tex/latex/xcolor/xcolor.sty
Package: xcolor 2007/01/21 v2.11 LaTeX color extensions (UK)

(/usr/share/texlive/texmf-dist/tex/latex/latexconfig/color.cfg
File: color.cfg 2007/01/18 v1.5 color configuration of teTeX/TeXLive
)
Package xcolor Info: Driver file: pdftex.def on input line 225.

(/usr/share/texlive/texmf-dist/tex/latex/colortbl/colortbl.sty
Package: colortbl 2012/02/13 v1.0a Color table columns (DPC)

(/usr/share/texlive/texmf-dist/tex/latex/tools/array.sty
Package: array 2014/10/28 v2.4c Tabular extension package (FMi)
\col@sep=\dimen139
\extrarowheight=\dimen140
\NC@list=\toks23
\extratabsurround=\skip44
\backup@length=\skip45
)
\everycr=\toks24
\minrowclearance=\skip46
)
\rownum=\count112
Package xcolor Info: Model `cmy' substituted by `cmy0' on input line 1337.
Package xcolor Info: Model `hsb' substituted by `rgb' on input line 1341.
Package xcolor Info: Model `RGB' extended on input line 1353.
Package xcolor Info: Model `HTML' substituted by `rgb' on input line 1355.
Package xcolor Info: Model `Hsb' substituted by `hsb' on input line 1356.
Package xcolor Info: Model `tHsb' substituted by `hsb' on input line 1357.
Package xcolor Info: Model `HSB' substituted by `hsb' on input line 1358.
Package xcolor Info: Model `Gray' substituted by `gray' on input line 1359.
Package xcolor Info: Model `wave' substituted by `hsb' on input line 1360.

(/usr/share/texlive/texmf-dist/tex/latex/graphics/dvipsnam.def
File: dvipsnam.def 2014/10/14 v3.0j Driver-dependent file (DPC,SPQR)
))
(/usr/share/texlive/texmf-dist/tex/generic/pgf/basiclayer/pgfcore.code.tex
Package: pgfcore 2010/04/11 v3.0.0 (rcs-revision 1.7)

(/usr/share/texlive/texmf-dist/tex/generic/pgf/math/pgfmath.code.tex
(/usr/share/texlive/texmf-dist/tex/generic/pgf/math/pgfmathcalc.code.tex
(/usr/share/texlive/texmf-dist/tex/generic/pgf/math/pgfmathutil.code.tex)
(/usr/share/texlive/texmf-dist/tex/generic/pgf/math/pgfmathparser.code.tex
\pgfmath@dimen=\dimen141
\pgfmath@count=\count113
\pgfmath@box=\box35
\pgfmath@toks=\toks25
\pgfmath@stack@operand=\toks26
\pgfmath@stack@operation=\toks27
)
(/usr/share/texlive/texmf-dist/tex/generic/pgf/math/pgfmathfunctions.code.tex
(/usr/share/texlive/texmf-dist/tex/generic/pgf/math/pgfmathfunctions.basic.code
.tex)
(/usr/share/texlive/texmf-dist/tex/generic/pgf/math/pgfmathfunctions.trigonomet
ric.code.tex)
(/usr/share/texlive/texmf-dist/tex/generic/pgf/math/pgfmathfunctions.random.cod
e.tex)
(/usr/share/texlive/texmf-dist/tex/generic/pgf/math/pgfmathfunctions.comparison
.code.tex)
(/usr/share/texlive/texmf-dist/tex/generic/pgf/math/pgfmathfunctions.base.code.
tex)
(/usr/share/texlive/texmf-dist/tex/generic/pgf/math/pgfmathfunctions.round.code
.tex)
(/usr/share/texlive/texmf-dist/tex/generic/pgf/math/pgfmathfunctions.misc.code.
tex)
(/usr/share/texlive/texmf-dist/tex/generic/pgf/math/pgfmathfunctions.integerari
thmetics.code.tex)))
(/usr/share/texlive/texmf-dist/tex/generic/pgf/math/pgfmathfloat.code.tex
\c@pgfmathroundto@lastzeros=\count114
))
(/usr/share/texlive/texmf-dist/tex/generic/pgf/basiclayer/pgfcorepoints.code.te
x
File: pgfcorepoints.code.tex 2013/10/07  (rcs-revision 1.27)
\pgf@picminx=\dimen142
\pgf@picmaxx=\dimen143
\pgf@picminy=\dimen144
\pgf@picmaxy=\dimen145
\pgf@pathminx=\dimen146
\pgf@pathmaxx=\dimen147
\pgf@pathminy=\dimen148
\pgf@pathmaxy=\dimen149
\pgf@xx=\dimen150
\pgf@xy=\dimen151
\pgf@yx=\dimen152
\pgf@yy=\dimen153
\pgf@zx=\dimen154
\pgf@zy=\dimen155
)
(/usr/share/texlive/texmf-dist/tex/generic/pgf/basiclayer/pgfcorepathconstruct.
code.tex
File: pgfcorepathconstruct.code.tex 2013/10/07  (rcs-revision 1.29)
\pgf@path@lastx=\dimen156
\pgf@path@lasty=\dimen157
)
(/usr/share/texlive/texmf-dist/tex/generic/pgf/basiclayer/pgfcorepathusage.code
.tex
File: pgfcorepathusage.code.tex 2013/12/13  (rcs-revision 1.23)
\pgf@shorten@end@additional=\dimen158
\pgf@shorten@start@additional=\dimen159
)
(/usr/share/texlive/texmf-dist/tex/generic/pgf/basiclayer/pgfcorescopes.code.te
x
File: pgfcorescopes.code.tex 2013/10/09  (rcs-revision 1.44)
\pgfpic=\box36
\pgf@hbox=\box37
\pgf@layerbox@main=\box38
\pgf@picture@serial@count=\count115
)
(/usr/share/texlive/texmf-dist/tex/generic/pgf/basiclayer/pgfcoregraphicstate.c
ode.tex
File: pgfcoregraphicstate.code.tex 2013/09/19  (rcs-revision 1.11)
\pgflinewidth=\dimen160
)
(/usr/share/texlive/texmf-dist/tex/generic/pgf/basiclayer/pgfcoretransformation
s.code.tex
File: pgfcoretransformations.code.tex 2013/10/10  (rcs-revision 1.17)
\pgf@pt@x=\dimen161
\pgf@pt@y=\dimen162
\pgf@pt@temp=\dimen163
)
(/usr/share/texlive/texmf-dist/tex/generic/pgf/basiclayer/pgfcorequick.code.tex
File: pgfcorequick.code.tex 2008/10/09  (rcs-revision 1.3)
)
(/usr/share/texlive/texmf-dist/tex/generic/pgf/basiclayer/pgfcoreobjects.code.t
ex
File: pgfcoreobjects.code.tex 2006/10/11  (rcs-revision 1.2)
)
(/usr/share/texlive/texmf-dist/tex/generic/pgf/basiclayer/pgfcorepathprocessing
.code.tex
File: pgfcorepathprocessing.code.tex 2013/09/09  (rcs-revision 1.9)
)
(/usr/share/texlive/texmf-dist/tex/generic/pgf/basiclayer/pgfcorearrows.code.te
x
File: pgfcorearrows.code.tex 2013/11/07  (rcs-revision 1.40)
\pgfarrowsep=\dimen164
)
(/usr/share/texlive/texmf-dist/tex/generic/pgf/basiclayer/pgfcoreshade.code.tex
File: pgfcoreshade.code.tex 2013/07/15  (rcs-revision 1.15)
\pgf@max=\dimen165
\pgf@sys@shading@range@num=\count116
)
(/usr/share/texlive/texmf-dist/tex/generic/pgf/basiclayer/pgfcoreimage.code.tex
File: pgfcoreimage.code.tex 2013/07/15  (rcs-revision 1.18)

(/usr/share/texlive/texmf-dist/tex/generic/pgf/basiclayer/pgfcoreexternal.code.
tex
File: pgfcoreexternal.code.tex 2013/07/15  (rcs-revision 1.20)
\pgfexternal@startupbox=\box39
))
(/usr/share/texlive/texmf-dist/tex/generic/pgf/basiclayer/pgfcorelayers.code.te
x
File: pgfcorelayers.code.tex 2013/07/18  (rcs-revision 1.7)
)
(/usr/share/texlive/texmf-dist/tex/generic/pgf/basiclayer/pgfcoretransparency.c
ode.tex
File: pgfcoretransparency.code.tex 2013/09/30  (rcs-revision 1.5)
)
(/usr/share/texlive/texmf-dist/tex/generic/pgf/basiclayer/pgfcorepatterns.code.
tex
File: pgfcorepatterns.code.tex 2013/11/07  (rcs-revision 1.5)
))) (/usr/share/texlive/texmf-dist/tex/latex/pgf/utilities/xxcolor.sty
Package: xxcolor 2003/10/24 ver 0.1
\XC@nummixins=\count117
\XC@countmixins=\count118
)
(/usr/share/texlive/texmf-dist/tex/generic/oberdiek/atbegshi.sty
Package: atbegshi 2011/10/05 v1.16 At begin shipout hook (HO)
)
(/usr/share/texlive/texmf-dist/tex/latex/hyperref/hyperref.sty
Package: hyperref 2012/11/06 v6.83m Hypertext links for LaTeX

(/usr/share/texlive/texmf-dist/tex/generic/oberdiek/hobsub-hyperref.sty
Package: hobsub-hyperref 2012/05/28 v1.13 Bundle oberdiek, subset hyperref (HO)


(/usr/share/texlive/texmf-dist/tex/generic/oberdiek/hobsub-generic.sty
Package: hobsub-generic 2012/05/28 v1.13 Bundle oberdiek, subset generic (HO)
Package: hobsub 2012/05/28 v1.13 Construct package bundles (HO)
Package hobsub Info: Skipping package `infwarerr' (already loaded).
Package hobsub Info: Skipping package `ltxcmds' (already loaded).
Package: ifluatex 2010/03/01 v1.3 Provides the ifluatex switch (HO)
Package ifluatex Info: LuaTeX not detected.
Package hobsub Info: Skipping package `ifvtex' (already loaded).
Package: intcalc 2007/09/27 v1.1 Expandable calculations with integers (HO)
Package hobsub Info: Skipping package `ifpdf' (already loaded).
Package: etexcmds 2011/02/16 v1.5 Avoid name clashes with e-TeX commands (HO)
Package etexcmds Info: Could not find \expanded.
(etexcmds)             That can mean that you are not using pdfTeX 1.50 or
(etexcmds)             that some package has redefined \expanded.
(etexcmds)             In the latter case, load this package earlier.
Package: kvsetkeys 2012/04/25 v1.16 Key value parser (HO)
Package: kvdefinekeys 2011/04/07 v1.3 Define keys (HO)
Package: pdftexcmds 2011/11/29 v0.20 Utility functions of pdfTeX for LuaTeX (HO
)
Package pdftexcmds Info: LuaTeX not detected.
Package pdftexcmds Info: \pdf@primitive is available.
Package pdftexcmds Info: \pdf@ifprimitive is available.
Package pdftexcmds Info: \pdfdraftmode found.
Package: pdfescape 2011/11/25 v1.13 Implements pdfTeX's escape features (HO)
Package: bigintcalc 2012/04/08 v1.3 Expandable calculations on big integers (HO
)
Package: bitset 2011/01/30 v1.1 Handle bit-vector datatype (HO)
Package: uniquecounter 2011/01/30 v1.2 Provide unlimited unique counter (HO)
)
Package hobsub Info: Skipping package `hobsub' (already loaded).
Package: letltxmacro 2010/09/02 v1.4 Let assignment for LaTeX macros (HO)
Package: hopatch 2012/05/28 v1.2 Wrapper for package hooks (HO)
Package: xcolor-patch 2011/01/30 xcolor patch
Package: atveryend 2011/06/30 v1.8 Hooks at the very end of document (HO)
Package atveryend Info: \enddocument detected (standard20110627).
Package hobsub Info: Skipping package `atbegshi' (already loaded).
Package: refcount 2011/10/16 v3.4 Data extraction from label references (HO)
Package: hycolor 2011/01/30 v1.7 Color options for hyperref/bookmark (HO)
)
(/usr/share/texlive/texmf-dist/tex/latex/oberdiek/auxhook.sty
Package: auxhook 2011/03/04 v1.3 Hooks for auxiliary files (HO)
)
(/usr/share/texlive/texmf-dist/tex/latex/oberdiek/kvoptions.sty
Package: kvoptions 2011/06/30 v3.11 Key value format for package options (HO)
)
\@linkdim=\dimen166
\Hy@linkcounter=\count119
\Hy@pagecounter=\count120

(/usr/share/texlive/texmf-dist/tex/latex/hyperref/pd1enc.def
File: pd1enc.def 2012/11/06 v6.83m Hyperref: PDFDocEncoding definition (HO)
)
\Hy@SavedSpaceFactor=\count121

(/usr/share/texlive/texmf-dist/tex/latex/latexconfig/hyperref.cfg
File: hyperref.cfg 2002/06/06 v1.2 hyperref configuration of TeXLive
)
Package hyperref Info: Option `bookmarks' set `true' on input line 4319.
Package hyperref Info: Option `bookmarksopen' set `true' on input line 4319.
Package hyperref Info: Option `implicit' set `false' on input line 4319.
Package hyperref Info: Hyper figures OFF on input line 4443.
Package hyperref Info: Link nesting OFF on input line 4448.
Package hyperref Info: Hyper index ON on input line 4451.
Package hyperref Info: Plain pages OFF on input line 4458.
Package hyperref Info: Backreferencing OFF on input line 4463.
Package hyperref Info: Implicit mode OFF; no redefinition of LaTeX internals.
Package hyperref Info: Bookmarks ON on input line 4688.
\c@Hy@tempcnt=\count122

(/usr/share/texlive/texmf-dist/tex/latex/url/url.sty
\Urlmuskip=\muskip10
Package: url 2013/09/16  ver 3.4  Verb mode for urls, etc.
)
LaTeX Info: Redefining \url on input line 5041.
\XeTeXLinkMargin=\dimen167
\Fld@menulength=\count123
\Field@Width=\dimen168
\Fld@charsize=\dimen169
Package hyperref Info: Hyper figures OFF on input line 6295.
Package hyperref Info: Link nesting OFF on input line 6300.
Package hyperref Info: Hyper index ON on input line 6303.
Package hyperref Info: backreferencing OFF on input line 6310.
Package hyperref Info: Link coloring OFF on input line 6315.
Package hyperref Info: Link coloring with OCG OFF on input line 6320.
Package hyperref Info: PDF/A mode OFF on input line 6325.
LaTeX Info: Redefining \ref on input line 6365.
LaTeX Info: Redefining \pageref on input line 6369.
\Hy@abspage=\count124


Package hyperref Message: Stopped early.

)

Package hyperref Message: Driver (autodetected): hpdftex.

(/usr/share/texlive/texmf-dist/tex/latex/hyperref/hpdftex.def
File: hpdftex.def 2012/11/06 v6.83m Hyperref driver for pdfTeX
\Fld@listcount=\count125
\c@bookmark@seq@number=\count126

(/usr/share/texlive/texmf-dist/tex/latex/oberdiek/rerunfilecheck.sty
Package: rerunfilecheck 2011/04/15 v1.7 Rerun checks for auxiliary files (HO)
Package uniquecounter Info: New unique counter `rerunfilecheck' on input line 2
82.
))
(/usr/share/texlive/texmf-dist/tex/latex/beamer/beamerbaserequires.sty
Package: beamerbaserequires 2010/05/01  (rcs-revision efa082c6111d)

(/usr/share/texlive/texmf-dist/tex/latex/beamer/beamerbasecompatibility.sty
Package: beamerbasecompatibility 2012/05/01  (rcs-revision 67c48b3b652d)
)
(/usr/share/texlive/texmf-dist/tex/latex/beamer/beamerbasefont.sty
Package: beamerbasefont 2015/01/05  (rcs-revision b4b4bee242e2)

(/usr/share/texlive/texmf-dist/tex/latex/amsfonts/amssymb.sty
Package: amssymb 2013/01/14 v3.01 AMS font symbols

(/usr/share/texlive/texmf-dist/tex/latex/amsfonts/amsfonts.sty
Package: amsfonts 2013/01/14 v3.01 Basic AMSFonts support
\@emptytoks=\toks28
\symAMSa=\mathgroup4
\symAMSb=\mathgroup5
LaTeX Font Info:    Overwriting math alphabet `\mathfrak' in version `bold'
(Font)                  U/euf/m/n --> U/euf/b/n on input line 106.
))
(/usr/share/texlive/texmf-dist/tex/latex/sansmathaccent/sansmathaccent.sty
Package: sansmathaccent 2013/03/28

(/usr/share/texlive/texmf-dist/tex/latex/filehook/filehook.sty
Package: filehook 2011/10/12 v0.5d Hooks for input files
)))
(/usr/share/texlive/texmf-dist/tex/latex/beamer/beamerbasetranslator.sty
Package: beamerbasetranslator 2010/06/11  (rcs-revision 85fd1cc7fc42)

(/usr/share/texlive/texmf-dist/tex/latex/beamer/translator/translator.sty
Package: translator 2010/06/12 ver 1.10

(/usr/share/texlive/texmf-dist/tex/latex/beamer/translator/translator-language-
mappings.tex)))
(/usr/share/texlive/texmf-dist/tex/latex/beamer/beamerbasemisc.sty
Package: beamerbasemisc 2013/09/03  (rcs-revision a55719c41d85)
)
(/usr/share/texlive/texmf-dist/tex/latex/beamer/beamerbasetwoscreens.sty
Package: beamerbasetwoscreens 2010/05/01  (rcs-revision efa082c6111d)
)
(/usr/share/texlive/texmf-dist/tex/latex/beamer/beamerbaseoverlay.sty
Package: beamerbaseoverlay 2013/12/25  (rcs-revision f6bd5e3805da)
\beamer@argscount=\count127
\beamer@lastskipcover=\skip47
\beamer@trivlistdepth=\count128
)
(/usr/share/texlive/texmf-dist/tex/latex/beamer/beamerbasetitle.sty
Package: beamerbasetitle 2010/09/21  (rcs-revision f0446ed0b6ae)
)
(/usr/share/texlive/texmf-dist/tex/latex/beamer/beamerbasesection.sty
Package: beamerbasesection 2013/06/07  (rcs-revision 60b9fe0f342f)
\c@lecture=\count129
\c@part=\count130
\c@section=\count131
\c@subsection=\count132
\c@subsubsection=\count133
)
(/usr/share/texlive/texmf-dist/tex/latex/beamer/beamerbaseframe.sty
Package: beamerbaseframe 2014/02/20  (rcs-revision 4b8ceeeff434)
\beamer@framebox=\box40
\beamer@frametitlebox=\box41
\beamer@zoombox=\box42
\beamer@zoomcount=\count134
\beamer@zoomframecount=\count135
\beamer@frametextheight=\dimen170
\c@subsectionslide=\count136
\beamer@frametopskip=\skip48
\beamer@framebottomskip=\skip49
\beamer@frametopskipautobreak=\skip50
\beamer@framebottomskipautobreak=\skip51
\beamer@envbody=\toks29
\framewidth=\dimen171
\c@framenumber=\count137
)
(/usr/share/texlive/texmf-dist/tex/latex/beamer/beamerbaseverbatim.sty
Package: beamerbaseverbatim 2015/01/05  (rcs-revision 431510bb5890)
\beamer@verbatimfileout=\write4
)
(/usr/share/texlive/texmf-dist/tex/latex/beamer/beamerbaseframesize.sty
Package: beamerbaseframesize 2011/09/12  (rcs-revision 70f9d8411e54)
\beamer@splitbox=\box43
\beamer@autobreakcount=\count138
\beamer@autobreaklastheight=\dimen172
\beamer@frametitletoks=\toks30
\beamer@framesubtitletoks=\toks31
)
(/usr/share/texlive/texmf-dist/tex/latex/beamer/beamerbaseframecomponents.sty
Package: beamerbaseframecomponents 2013/10/18  (rcs-revision 5cf6c5555a45)
\beamer@footins=\box44
)
(/usr/share/texlive/texmf-dist/tex/latex/beamer/beamerbasecolor.sty
Package: beamerbasecolor 2015/02/21  (rcs-revision d944b04ee2d5)
)
(/usr/share/texlive/texmf-dist/tex/latex/beamer/beamerbasenotes.sty
Package: beamerbasenotes 2012/12/19  (rcs-revision 1686da3db3c9)
\beamer@frameboxcopy=\box45
)
(/usr/share/texlive/texmf-dist/tex/latex/beamer/beamerbasetoc.sty
Package: beamerbasetoc 2015/03/08  (rcs-revision 7270298bbaae)
)
(/usr/share/texlive/texmf-dist/tex/latex/beamer/beamerbasetemplates.sty
Package: beamerbasetemplates 2010/05/01  (rcs-revision efa082c6111d)
\beamer@sbttoks=\toks32

(/usr/share/texlive/texmf-dist/tex/latex/beamer/beamerbaseauxtemplates.sty
Package: beamerbaseauxtemplates 2014/06/30  (rcs-revision 580088513a67)

(/usr/share/texlive/texmf-dist/tex/latex/beamer/beamerbaseboxes.sty
Package: beamerbaseboxes 2012/05/13  (rcs-revision 56972908a390)
\bmb@box=\box46
\bmb@colorbox=\box47
\bmb@boxshadow=\box48
\bmb@boxshadowball=\box49
\bmb@boxshadowballlarge=\box50
\bmb@temp=\dimen173
\bmb@dima=\dimen174
\bmb@dimb=\dimen175
\bmb@prevheight=\dimen176
)
\beamer@blockheadheight=\dimen177
))
(/usr/share/texlive/texmf-dist/tex/latex/beamer/beamerbaselocalstructure.sty
Package: beamerbaselocalstructure 2014/09/10  (rcs-revision 393f6dcff371)

(/usr/share/texlive/texmf-dist/tex/latex/tools/enumerate.sty
Package: enumerate 2014/10/28 v3.00 enumerate extensions (DPC)
\@enLab=\toks33
)
\c@figure=\count139
\c@table=\count140
\abovecaptionskip=\skip52
\belowcaptionskip=\skip53
)
(/usr/share/texlive/texmf-dist/tex/latex/beamer/beamerbasenavigation.sty
Package: beamerbasenavigation 2015/02/27  (rcs-revision 923f4bf87efa)
\beamer@section@min@dim=\dimen178
)
(/usr/share/texlive/texmf-dist/tex/latex/beamer/beamerbasetheorems.sty
Package: beamerbasetheorems 2010/06/06  (rcs-revision 7e7cc5e53e9d)

(/usr/share/texlive/texmf-dist/tex/latex/amsmath/amsmath.sty
Package: amsmath 2013/01/14 v2.14 AMS math features
\@mathmargin=\skip54

For additional information on amsmath, use the `?' option.
(/usr/share/texlive/texmf-dist/tex/latex/amsmath/amstext.sty
Package: amstext 2000/06/29 v2.01

(/usr/share/texlive/texmf-dist/tex/latex/amsmath/amsgen.sty
File: amsgen.sty 1999/11/30 v2.0
\@emptytoks=\toks34
\ex@=\dimen179
))
(/usr/share/texlive/texmf-dist/tex/latex/amsmath/amsbsy.sty
Package: amsbsy 1999/11/29 v1.2d
\pmbraise@=\dimen180
)
(/usr/share/texlive/texmf-dist/tex/latex/amsmath/amsopn.sty
Package: amsopn 1999/12/14 v2.01 operator names
)
\inf@bad=\count141
LaTeX Info: Redefining \frac on input line 210.
\uproot@=\count142
\leftroot@=\count143
LaTeX Info: Redefining \overline on input line 306.
\classnum@=\count144
\DOTSCASE@=\count145
LaTeX Info: Redefining \ldots on input line 378.
LaTeX Info: Redefining \dots on input line 381.
LaTeX Info: Redefining \cdots on input line 466.
\Mathstrutbox@=\box51
\strutbox@=\box52
\big@size=\dimen181
LaTeX Font Info:    Redeclaring font encoding OML on input line 566.
LaTeX Font Info:    Redeclaring font encoding OMS on input line 567.
\macc@depth=\count146
\c@MaxMatrixCols=\count147
\dotsspace@=\muskip11
\c@parentequation=\count148
\dspbrk@lvl=\count149
\tag@help=\toks35
\row@=\count150
\column@=\count151
\maxfields@=\count152
\andhelp@=\toks36
\eqnshift@=\dimen182
\alignsep@=\dimen183
\tagshift@=\dimen184
\tagwidth@=\dimen185
\totwidth@=\dimen186
\lineht@=\dimen187
\@envbody=\toks37
\multlinegap=\skip55
\multlinetaggap=\skip56
\mathdisplay@stack=\toks38
LaTeX Info: Redefining \[ on input line 2665.
LaTeX Info: Redefining \] on input line 2666.
)
(/usr/share/texlive/texmf-dist/tex/latex/amscls/amsthm.sty
Package: amsthm 2015/03/04 v2.20.2
\thm@style=\toks39
\thm@bodyfont=\toks40
\thm@headfont=\toks41
\thm@notefont=\toks42
\thm@headpunct=\toks43
\thm@preskip=\skip57
\thm@postskip=\skip58
\thm@headsep=\skip59
\dth@everypar=\toks44
)
\c@theorem=\count153
)
(/usr/share/texlive/texmf-dist/tex/latex/beamer/beamerbasethemes.sty
Package: beamerbasethemes 2010/05/01  (rcs-revision efa082c6111d)
))
(/usr/share/texlive/texmf-dist/tex/latex/beamer/themes/theme/beamerthemedefault
.sty
Package: beamerthemedefault 2010/06/17  (rcs-revision d02a7cf4d8ae)

(/usr/share/texlive/texmf-dist/tex/latex/beamer/themes/font/beamerfontthemedefa
ult.sty
Package: beamerfontthemedefault 2012/12/19  (rcs-revision 1686da3db3c9)
)
(/usr/share/texlive/texmf-dist/tex/latex/beamer/themes/color/beamercolorthemede
fault.sty
Package: beamercolorthemedefault 2012/12/19  (rcs-revision 1686da3db3c9)
)
(/usr/share/texlive/texmf-dist/tex/latex/beamer/themes/inner/beamerinnerthemede
fault.sty
Package: beamerinnerthemedefault 2014/06/30  (rcs-revision 580088513a67)
\beamer@dima=\dimen188
\beamer@dimb=\dimen189
)
(/usr/share/texlive/texmf-dist/tex/latex/beamer/themes/outer/beamerouterthemede
fault.sty
Package: beamerouterthemedefault 2012/12/19  (rcs-revision 1686da3db3c9)
)))
(/usr/share/texlive/texmf-dist/tex/latex/beamer/themes/font/beamerfontthemeprof
essionalfonts.sty
Package: beamerfontthemeprofessionalfonts 2010/06/17  (rcs-revision d02a7cf4d8a
e)
) (/usr/share/texlive/texmf-dist/tex/generic/babel/babel.sty
Package: babel 2014/09/25 3.9l The Babel package

(/usr/share/texlive/texmf-dist/tex/generic/babel-english/english.ldf
Language: english 2012/08/20 v3.3p English support from the babel system

(/usr/share/texlive/texmf-dist/tex/generic/babel/babel.def
File: babel.def 2014/09/25 3.9l Babel common definitions
\babel@savecnt=\count154
\U@D=\dimen190
LaTeX Info: Redefining \textlatin on input line 1431.
)
\l@canadian = a dialect from \language\l@american 
\l@australian = a dialect from \language\l@british 
\l@newzealand = a dialect from \language\l@british 
))
(/usr/share/texlive/texmf-dist/tex/latex/base/inputenc.sty
Package: inputenc 2015/03/17 v1.2c Input encoding file
\inpenc@prehook=\toks45
\inpenc@posthook=\toks46

(/usr/share/texlive/texmf-dist/tex/latex/base/utf8.def
File: utf8.def 2014/09/29 v1.1m UTF-8 support for inputenc
Now handling font encoding OML ...
... no UTF-8 mapping file for font encoding OML
Now handling font encoding T1 ...
... processing UTF-8 mapping file for font encoding T1

(/usr/share/texlive/texmf-dist/tex/latex/base/t1enc.dfu
File: t1enc.dfu 2014/09/29 v1.1m UTF-8 support for inputenc
   defining Unicode char U+00A1 (decimal 161)
   defining Unicode char U+00A3 (decimal 163)
   defining Unicode char U+00AB (decimal 171)
   defining Unicode char U+00BB (decimal 187)
   defining Unicode char U+00BF (decimal 191)
   defining Unicode char U+00C0 (decimal 192)
   defining Unicode char U+00C1 (decimal 193)
   defining Unicode char U+00C2 (decimal 194)
   defining Unicode char U+00C3 (decimal 195)
   defining Unicode char U+00C4 (decimal 196)
   defining Unicode char U+00C5 (decimal 197)
   defining Unicode char U+00C6 (decimal 198)
   defining Unicode char U+00C7 (decimal 199)
   defining Unicode char U+00C8 (decimal 200)
   defining Unicode char U+00C9 (decimal 201)
   defining Unicode char U+00CA (decimal 202)
   defining Unicode char U+00CB (decimal 203)
   defining Unicode char U+00CC (decimal 204)
   defining Unicode char U+00CD (decimal 205)
   defining Unicode char U+00CE (decimal 206)
   defining Unicode char U+00CF (decimal 207)
   defining Unicode char U+00D0 (decimal 208)
   defining Unicode char U+00D1 (decimal 209)
   defining Unicode char U+00D2 (decimal 210)
   defining Unicode char U+00D3 (decimal 211)
   defining Unicode char U+00D4 (decimal 212)
   defining Unicode char U+00D5 (decimal 213)
   defining Unicode char U+00D6 (decimal 214)
   defining Unicode char U+00D8 (decimal 216)
   defining Unicode char U+00D9 (decimal 217)
   defining Unicode char U+00DA (decimal 218)
   defining Unicode char U+00DB (decimal 219)
   defining Unicode char U+00DC (decimal 220)
   defining Unicode char U+00DD (decimal 221)
   defining Unicode char U+00DE (decimal 222)
   defining Unicode char U+00DF (decimal 223)
   defining Unicode char U+00E0 (decimal 224)
   defining Unicode char U+00E1 (decimal 225)
   defining Unicode char U+00E2 (decimal 226)
   defining Unicode char U+00E3 (decimal 227)
   defining Unicode char U+00E4 (decimal 228)
   defining Unicode char U+00E5 (decimal 229)
   defining Unicode char U+00E6 (decimal 230)
   defining Unicode char U+00E7 (decimal 231)
   defining Unicode char U+00E8 (decimal 232)
   defining Unicode char U+00E9 (decimal 233)
   defining Unicode char U+00EA (decimal 234)
   defining Unicode char U+00EB (decimal 235)
   defining Unicode char U+00EC (decimal 236)
   defining Unicode char U+00ED (decimal 237)
   defining Unicode char U+00EE (decimal 238)
   defining Unicode char U+00EF (decimal 239)
   defining Unicode char U+00F0 (decimal 240)
   defining Unicode char U+00F1 (decimal 241)
   defining Unicode char U+00F2 (decimal 242)
   defining Unicode char U+00F3 (decimal 243)
   defining Unicode char U+00F4 (decimal 244)
   defining Unicode char U+00F5 (decimal 245)
   defining Unicode char U+00F6 (decimal 246)
   defining Unicode char U+00F8 (decimal 248)
   defining Unicode char U+00F9 (decimal 249)
   defining Unicode char U+00FA (decimal 250)
   defining Unicode char U+00FB (decimal 251)
   defining Unicode char U+00FC (decimal 252)
   defining Unicode char U+00FD (decimal 253)
   defining Unicode char U+00FE (decimal 254)
   defining Unicode char U+00FF (decimal 255)
   defining Unicode char U+0102 (decimal 258)
   defining Unicode char U+0103 (decimal 259)
   defining Unicode char U+0104 (decimal 260)
   defining Unicode char U+0105 (decimal 261)
   defining Unicode char U+0106 (decimal 262)
   defining Unicode char U+0107 (decimal 263)
   defining Unicode char U+010C (decimal 268)
   defining Unicode char U+010D (decimal 269)
   defining Unicode char U+010E (decimal 270)
   defining Unicode char U+010F (decimal 271)
   defining Unicode char U+0110 (decimal 272)
   defining Unicode char U+0111 (decimal 273)
   defining Unicode char U+0118 (decimal 280)
   defining Unicode char U+0119 (decimal 281)
   defining Unicode char U+011A (decimal 282)
   defining Unicode char U+011B (decimal 283)
   defining Unicode char U+011E (decimal 286)
   defining Unicode char U+011F (decimal 287)
   defining Unicode char U+0130 (decimal 304)
   defining Unicode char U+0131 (decimal 305)
   defining Unicode char U+0132 (decimal 306)
   defining Unicode char U+0133 (decimal 307)
   defining Unicode char U+0139 (decimal 313)
   defining Unicode char U+013A (decimal 314)
   defining Unicode char U+013D (decimal 317)
   defining Unicode char U+013E (decimal 318)
   defining Unicode char U+0141 (decimal 321)
   defining Unicode char U+0142 (decimal 322)
   defining Unicode char U+0143 (decimal 323)
   defining Unicode char U+0144 (decimal 324)
   defining Unicode char U+0147 (decimal 327)
   defining Unicode char U+0148 (decimal 328)
   defining Unicode char U+014A (decimal 330)
   defining Unicode char U+014B (decimal 331)
   defining Unicode char U+0150 (decimal 336)
   defining Unicode char U+0151 (decimal 337)
   defining Unicode char U+0152 (decimal 338)
   defining Unicode char U+0153 (decimal 339)
   defining Unicode char U+0154 (decimal 340)
   defining Unicode char U+0155 (decimal 341)
   defining Unicode char U+0158 (decimal 344)
   defining Unicode char U+0159 (decimal 345)
   defining Unicode char U+015A (decimal 346)
   defining Unicode char U+015B (decimal 347)
   defining Unicode char U+015E (decimal 350)
   defining Unicode char U+015F (decimal 351)
   defining Unicode char U+0160 (decimal 352)
   defining Unicode char U+0161 (decimal 353)
   defining Unicode char U+0162 (decimal 354)
   defining Unicode char U+0163 (decimal 355)
   defining Unicode char U+0164 (decimal 356)
   defining Unicode char U+0165 (decimal 357)
   defining Unicode char U+016E (decimal 366)
   defining Unicode char U+016F (decimal 367)
   defining Unicode char U+0170 (decimal 368)
   defining Unicode char U+0171 (decimal 369)
   defining Unicode char U+0178 (decimal 376)
   defining Unicode char U+0179 (decimal 377)
   defining Unicode char U+017A (decimal 378)
   defining Unicode char U+017B (decimal 379)
   defining Unicode char U+017C (decimal 380)
   defining Unicode char U+017D (decimal 381)
   defining Unicode char U+017E (decimal 382)
   defining Unicode char U+200C (decimal 8204)
   defining Unicode char U+2013 (decimal 8211)
   defining Unicode char U+2014 (decimal 8212)
   defining Unicode char U+2018 (decimal 8216)
   defining Unicode char U+2019 (decimal 8217)
   defining Unicode char U+201A (decimal 8218)
   defining Unicode char U+201C (decimal 8220)
   defining Unicode char U+201D (decimal 8221)
   defining Unicode char U+201E (decimal 8222)
   defining Unicode char U+2030 (decimal 8240)
   defining Unicode char U+2031 (decimal 8241)
   defining Unicode char U+2039 (decimal 8249)
   defining Unicode char U+203A (decimal 8250)
   defining Unicode char U+2423 (decimal 9251)
)
Now handling font encoding OT1 ...
... processing UTF-8 mapping file for font encoding OT1

(/usr/share/texlive/texmf-dist/tex/latex/base/ot1enc.dfu
File: ot1enc.dfu 2014/09/29 v1.1m UTF-8 support for inputenc
   defining Unicode char U+00A1 (decimal 161)
   defining Unicode char U+00A3 (decimal 163)
   defining Unicode char U+00B8 (decimal 184)
   defining Unicode char U+00BF (decimal 191)
   defining Unicode char U+00C5 (decimal 197)
   defining Unicode char U+00C6 (decimal 198)
   defining Unicode char U+00D8 (decimal 216)
   defining Unicode char U+00DF (decimal 223)
   defining Unicode char U+00E6 (decimal 230)
   defining Unicode char U+00EC (decimal 236)
   defining Unicode char U+00ED (decimal 237)
   defining Unicode char U+00EE (decimal 238)
   defining Unicode char U+00EF (decimal 239)
   defining Unicode char U+00F8 (decimal 248)
   defining Unicode char U+0131 (decimal 305)
   defining Unicode char U+0141 (decimal 321)
   defining Unicode char U+0142 (decimal 322)
   defining Unicode char U+0152 (decimal 338)
   defining Unicode char U+0153 (decimal 339)
   defining Unicode char U+2013 (decimal 8211)
   defining Unicode char U+2014 (decimal 8212)
   defining Unicode char U+2018 (decimal 8216)
   defining Unicode char U+2019 (decimal 8217)
   defining Unicode char U+201C (decimal 8220)
   defining Unicode char U+201D (decimal 8221)
)
Now handling font encoding OMS ...
... processing UTF-8 mapping file for font encoding OMS

(/usr/share/texlive/texmf-dist/tex/latex/base/omsenc.dfu
File: omsenc.dfu 2014/09/29 v1.1m UTF-8 support for inputenc
   defining Unicode char U+00A7 (decimal 167)
   defining Unicode char U+00B6 (decimal 182)
   defining Unicode char U+00B7 (decimal 183)
   defining Unicode char U+2020 (decimal 8224)
   defining Unicode char U+2021 (decimal 8225)
   defining Unicode char U+2022 (decimal 8226)
)
Now handling font encoding OMX ...
... no UTF-8 mapping file for font encoding OMX
Now handling font encoding U ...
... no UTF-8 mapping file for font encoding U
Now handling font encoding PD1 ...
... no UTF-8 mapping file for font encoding PD1
   defining Unicode char U+00A9 (decimal 169)
   defining Unicode char U+00AA (decimal 170)
   defining Unicode char U+00AE (decimal 174)
   defining Unicode char U+00BA (decimal 186)
   defining Unicode char U+02C6 (decimal 710)
   defining Unicode char U+02DC (decimal 732)
   defining Unicode char U+200C (decimal 8204)
   defining Unicode char U+2026 (decimal 8230)
   defining Unicode char U+2122 (decimal 8482)
   defining Unicode char U+2423 (decimal 9251)
))
(/usr/share/texlive/texmf-dist/tex/latex/base/fontenc.sty
Package: fontenc 2005/09/27 v1.99g Standard LaTeX package

(/usr/share/texlive/texmf-dist/tex/latex/base/t1enc.def
File: t1enc.def 2005/09/27 v1.99g Standard LaTeX file
LaTeX Font Info:    Redeclaring font encoding T1 on input line 48.
))
(/usr/share/texlive/texmf-dist/tex/latex/tools/multicol.sty
Package: multicol 2015/03/31 v1.8m multicolumn formatting (FMi)
\c@tracingmulticols=\count155
\mult@box=\box53
\multicol@leftmargin=\dimen191
\c@unbalance=\count156
\c@collectmore=\count157
\doublecol@number=\count158
\multicoltolerance=\count159
\multicolpretolerance=\count160
\full@width=\dimen192
\page@free=\dimen193
\premulticols=\dimen194
\postmulticols=\dimen195
\multicolsep=\skip60
\multicolbaselineskip=\skip61
\partial@page=\box54
\last@line=\box55
\maxbalancingoverflow=\dimen196
\mult@rightbox=\box56
\mult@grightbox=\box57
\mult@gfirstbox=\box58
\mult@firstbox=\box59
\@tempa=\box60
\@tempa=\box61
\@tempa=\box62
\@tempa=\box63
\@tempa=\box64
\@tempa=\box65
\@tempa=\box66
\@tempa=\box67
\@tempa=\box68
\@tempa=\box69
\@tempa=\box70
\@tempa=\box71
\@tempa=\box72
\@tempa=\box73
\@tempa=\box74
\@tempa=\box75
\@tempa=\box76
\c@columnbadness=\count161
\c@finalcolumnbadness=\count162
\last@try=\dimen197
\multicolovershoot=\dimen198
\multicolundershoot=\dimen199
\mult@nat@firstbox=\box77
\colbreak@box=\box78
\mc@col@check@num=\count163
)
(/usr/share/texlive/texmf-dist/tex/latex/float/float.sty
Package: float 2001/11/08 v1.3d Float enhancements (AL)
\c@float@type=\count164
\float@exts=\toks47
\float@box=\box79
\@float@everytoks=\toks48
\@floatcapt=\box80
)
(/usr/share/texlive/texmf-dist/tex/latex/wasysym/wasysym.sty
Package: wasysym 2003/10/30 v2.0 Wasy-2 symbol support package
\symwasy=\mathgroup6
LaTeX Font Info:    Overwriting symbol font `wasy' in version `bold'
(Font)                  U/wasy/m/n --> U/wasy/b/n on input line 90.
)
(/usr/share/texlive/texmf-dist/tex/latex/tools/xspace.sty
Package: xspace 2014/10/28 v1.13 Space after command names (DPC,MH)
)
(/usr/share/texlive/texmf-dist/tex/latex/psnfss/times.sty
Package: times 2005/04/12 PSNFSS-v9.2a (SPQR) 
)
(/usr/share/texlive/texmf-dist/tex/latex/booktabs/booktabs.sty
Package: booktabs 2005/04/14 v1.61803 publication quality tables
\heavyrulewidth=\dimen200
\lightrulewidth=\dimen201
\cmidrulewidth=\dimen202
\belowrulesep=\dimen203
\belowbottomsep=\dimen204
\aboverulesep=\dimen205
\abovetopsep=\dimen206
\cmidrulesep=\dimen207
\cmidrulekern=\dimen208
\defaultaddspace=\dimen209
\@cmidla=\count165
\@cmidlb=\count166
\@aboverulesep=\dimen210
\@belowrulesep=\dimen211
\@thisruleclass=\count167
\@lastruleclass=\count168
\@thisrulewidth=\dimen212
)
(/usr/share/texlive/texmf-dist/tex/latex/marvosym/marvosym.sty
Package: marvosym 2011/07/20 v2.2 Martin Vogel's Symbols font definitions
)
(/usr/share/texlive/texmf-dist/tex/latex/pgf/frontendlayer/tikz.sty
(/usr/share/texlive/texmf-dist/tex/latex/pgf/basiclayer/pgf.sty
Package: pgf 2013/12/18 v3.0.0 (rcs-revision 1.14)

(/usr/share/texlive/texmf-dist/tex/generic/pgf/modules/pgfmoduleshapes.code.tex
File: pgfmoduleshapes.code.tex 2013/10/31  (rcs-revision 1.34)
\pgfnodeparttextbox=\box81
) (/usr/share/texlive/texmf-dist/tex/generic/pgf/modules/pgfmoduleplot.code.tex
File: pgfmoduleplot.code.tex 2013/07/31  (rcs-revision 1.12)
)
(/usr/share/texlive/texmf-dist/tex/latex/pgf/compatibility/pgfcomp-version-0-65
.sty
Package: pgfcomp-version-0-65 2007/07/03 v3.0.0 (rcs-revision 1.7)
\pgf@nodesepstart=\dimen213
\pgf@nodesepend=\dimen214
)
(/usr/share/texlive/texmf-dist/tex/latex/pgf/compatibility/pgfcomp-version-1-18
.sty
Package: pgfcomp-version-1-18 2007/07/23 v3.0.0 (rcs-revision 1.1)
)) (/usr/share/texlive/texmf-dist/tex/latex/pgf/utilities/pgffor.sty
(/usr/share/texlive/texmf-dist/tex/latex/pgf/utilities/pgfkeys.sty
(/usr/share/texlive/texmf-dist/tex/generic/pgf/utilities/pgfkeys.code.tex))
(/usr/share/texlive/texmf-dist/tex/latex/pgf/math/pgfmath.sty
(/usr/share/texlive/texmf-dist/tex/generic/pgf/math/pgfmath.code.tex))
(/usr/share/texlive/texmf-dist/tex/generic/pgf/utilities/pgffor.code.tex
Package: pgffor 2013/12/13 v3.0.0 (rcs-revision 1.25)

(/usr/share/texlive/texmf-dist/tex/generic/pgf/math/pgfmath.code.tex)
\pgffor@iter=\dimen215
\pgffor@skip=\dimen216
\pgffor@stack=\toks49
\pgffor@toks=\toks50
))
(/usr/share/texlive/texmf-dist/tex/generic/pgf/frontendlayer/tikz/tikz.code.tex
Package: tikz 2013/12/13 v3.0.0 (rcs-revision 1.142)

(/usr/share/texlive/texmf-dist/tex/generic/pgf/libraries/pgflibraryplothandlers
.code.tex
File: pgflibraryplothandlers.code.tex 2013/08/31 v3.0.0 (rcs-revision 1.20)
\pgf@plot@mark@count=\count169
\pgfplotmarksize=\dimen217
)
\tikz@lastx=\dimen218
\tikz@lasty=\dimen219
\tikz@lastxsaved=\dimen220
\tikz@lastysaved=\dimen221
\tikzleveldistance=\dimen222
\tikzsiblingdistance=\dimen223
\tikz@figbox=\box82
\tikz@figbox@bg=\box83
\tikz@tempbox=\box84
\tikz@tempbox@bg=\box85
\tikztreelevel=\count170
\tikznumberofchildren=\count171
\tikznumberofcurrentchild=\count172
\tikz@fig@count=\count173

(/usr/share/texlive/texmf-dist/tex/generic/pgf/modules/pgfmodulematrix.code.tex
File: pgfmodulematrix.code.tex 2013/09/17  (rcs-revision 1.8)
\pgfmatrixcurrentrow=\count174
\pgfmatrixcurrentcolumn=\count175
\pgf@matrix@numberofcolumns=\count176
)
\tikz@expandcount=\count177

(/usr/share/texlive/texmf-dist/tex/generic/pgf/frontendlayer/tikz/libraries/tik
zlibrarytopaths.code.tex
File: tikzlibrarytopaths.code.tex 2008/06/17 v3.0.0 (rcs-revision 1.2)
)))
(/usr/share/texlive/texmf-dist/tex/latex/listings/listings.sty
\lst@mode=\count178
\lst@gtempboxa=\box86
\lst@token=\toks51
\lst@length=\count179
\lst@currlwidth=\dimen224
\lst@column=\count180
\lst@pos=\count181
\lst@lostspace=\dimen225
\lst@width=\dimen226
\lst@newlines=\count182
\lst@lineno=\count183
\lst@maxwidth=\dimen227

(/usr/share/texlive/texmf-dist/tex/latex/listings/lstmisc.sty
File: lstmisc.sty 2015/06/04 1.6 (Carsten Heinz)
\c@lstnumber=\count184
\lst@skipnumbers=\count185
\lst@framebox=\box87
)
(/usr/share/texlive/texmf-dist/tex/latex/listings/listings.cfg
File: listings.cfg 2015/06/04 1.6 listings configuration
))
Package: listings 2015/06/04 1.6 (Carsten Heinz)

(/usr/share/texlive/texmf-dist/tex/latex/fancybox/fancybox.sty
Package: fancybox 2010/05/15 1.4

Style option: `fancybox' v1.4 <2010/05/15> (tvz)
\@fancybox=\box88
\shadowsize=\dimen228
\@Sbox=\box89
\do@VerbBox=\toks52
\the@fancyput=\toks53
\this@fancyput=\toks54
\EndVerbatimTokens=\toks55
\Verbatim@Outfile=\write5
\Verbatim@Infile=\read2
) (/usr/share/texlive/texmf-dist/tex/latex/shadow/shadow.sty
Package: shadow 2003/02/19 v1.3 shadow boxes (M.O.)
\txtwdth=\dimen229
\sht=\dimen230
\shw=\dimen231
\shbox=\box90
\sboxsep=\dimen232
\sboxrule=\dimen233
\sdim=\dimen256
)
(/usr/share/texlive/texmf-dist/tex/generic/pgf/frontendlayer/tikz/libraries/tik
zlibraryarrows.code.tex
File: tikzlibraryarrows.code.tex 2008/01/09 v3.0.0 (rcs-revision 1.1)

(/usr/share/texlive/texmf-dist/tex/generic/pgf/libraries/pgflibraryarrows.code.
tex
File: pgflibraryarrows.code.tex 2013/09/23 v3.0.0 (rcs-revision 1.16)
\arrowsize=\dimen257
))
(/usr/share/texlive/texmf-dist/tex/generic/pgf/frontendlayer/tikz/libraries/tik
zlibraryshapes.code.tex
File: tikzlibraryshapes.code.tex 2008/01/09 v3.0.0 (rcs-revision 1.1)

(/usr/share/texlive/texmf-dist/tex/generic/pgf/frontendlayer/tikz/libraries/tik
zlibraryshapes.geometric.code.tex
File: tikzlibraryshapes.geometric.code.tex 2008/01/09 v3.0.0 (rcs-revision 1.1)


(/usr/share/texlive/texmf-dist/tex/generic/pgf/libraries/shapes/pgflibraryshape
s.geometric.code.tex
File: pgflibraryshapes.geometric.code.tex 2008/06/26 v3.0.0 (rcs-revision 1.1)
))
(/usr/share/texlive/texmf-dist/tex/generic/pgf/frontendlayer/tikz/libraries/tik
zlibraryshapes.misc.code.tex
File: tikzlibraryshapes.misc.code.tex 2008/01/09 v3.0.0 (rcs-revision 1.1)

(/usr/share/texlive/texmf-dist/tex/generic/pgf/libraries/shapes/pgflibraryshape
s.misc.code.tex
File: pgflibraryshapes.misc.code.tex 2013/07/18 v3.0.0 (rcs-revision 1.5)
))
(/usr/share/texlive/texmf-dist/tex/generic/pgf/frontendlayer/tikz/libraries/tik
zlibraryshapes.symbols.code.tex
File: tikzlibraryshapes.symbols.code.tex 2008/01/09 v3.0.0 (rcs-revision 1.1)

(/usr/share/texlive/texmf-dist/tex/generic/pgf/libraries/shapes/pgflibraryshape
s.symbols.code.tex
File: pgflibraryshapes.symbols.code.tex 2013/09/11 v3.0.0 (rcs-revision 1.6)
))
(/usr/share/texlive/texmf-dist/tex/generic/pgf/frontendlayer/tikz/libraries/tik
zlibraryshapes.arrows.code.tex
File: tikzlibraryshapes.arrows.code.tex 2008/01/09 v3.0.0 (rcs-revision 1.1)

(/usr/share/texlive/texmf-dist/tex/generic/pgf/libraries/shapes/pgflibraryshape
s.arrows.code.tex
File: pgflibraryshapes.arrows.code.tex 2008/06/26 v3.0.0 (rcs-revision 1.1)
))
(/usr/share/texlive/texmf-dist/tex/generic/pgf/frontendlayer/tikz/libraries/tik
zlibraryshapes.callouts.code.tex
(/usr/share/texlive/texmf-dist/tex/generic/pgf/libraries/shapes/pgflibraryshape
s.callouts.code.tex))
(/usr/share/texlive/texmf-dist/tex/generic/pgf/frontendlayer/tikz/libraries/tik
zlibraryshapes.multipart.code.tex
File: tikzlibraryshapes.multipart.code.tex 2008/01/09 v3.0.0 (rcs-revision 1.1)


(/usr/share/texlive/texmf-dist/tex/generic/pgf/libraries/shapes/pgflibraryshape
s.multipart.code.tex
File: pgflibraryshapes.multipart.code.tex 2010/01/07 v3.0.0 (rcs-revision 1.2)
\pgfnodepartlowerbox=\box91
\pgfnodeparttwobox=\box92
\pgfnodepartthreebox=\box93
\pgfnodepartfourbox=\box94
\pgfnodeparttwentybox=\box95
\pgfnodepartnineteenbox=\box96
\pgfnodeparteighteenbox=\box97
\pgfnodepartseventeenbox=\box98
\pgfnodepartsixteenbox=\box99
\pgfnodepartfifteenbox=\box100
\pgfnodepartfourteenbox=\box101
\pgfnodepartthirteenbox=\box102
\pgfnodeparttwelvebox=\box103
\pgfnodepartelevenbox=\box104
\pgfnodeparttenbox=\box105
\pgfnodepartninebox=\box106
\pgfnodeparteightbox=\box107
\pgfnodepartsevenbox=\box108
\pgfnodepartsixbox=\box109
\pgfnodepartfivebox=\box110
)))
(/usr/share/texlive/texmf-dist/tex/generic/pgf/frontendlayer/tikz/libraries/tik
zlibrarybackgrounds.code.tex
File: tikzlibrarybackgrounds.code.tex 2013/07/18 v3.0.0 (rcs-revision 1.3)
\pgf@layerbox@background=\box111
\pgf@layerboxsaved@background=\box112
)
(/usr/share/texlive/texmf-dist/tex/latex/beamer/themes/font/beamerfontthemeseri
f.sty
Package: beamerfontthemeserif 2010/06/17  (rcs-revision d02a7cf4d8ae)
)
Package hyperref Info: Option `bookmarksopen' set `true' on input line 74.
Package hyperref Info: Option `bookmarksnumbered' set `true' on input line 74.
Package hyperref Info: Option `pdffitwindow' set `true' on input line 74.
Package hyperref Info: Option `pdffitwindow' set `true' on input line 74.
Package hyperref Info: Option `pdftoolbar' set `true' on input line 74.
Package hyperref Info: Option `pdfmenubar' set `true' on input line 74.
Package hyperref Info: Option `pdfwindowui' set `true' on input line 74.
Package hyperref Info: Option `colorlinks' set `true' on input line 74.
Package hyperref Info: Option `pdffitwindow' set `true' on input line 74.


Package hyperref Warning: Token not allowed in a PDF string (PDFDocEncoding):
(hyperref)                removing `\\' on input line 79.

)

Package hyperref Warning: Token not allowed in a PDF string (PDFDocEncoding):
(hyperref)                removing `\\' on input line 5.

(./DivaLecce2016_diva4D.aux)
\openout1 = `DivaLecce2016_diva4D.aux'.

LaTeX Font Info:    Checking defaults for OML/cmm/m/it on input line 10.
LaTeX Font Info:    ... okay on input line 10.
LaTeX Font Info:    Checking defaults for T1/cmr/m/n on input line 10.
LaTeX Font Info:    ... okay on input line 10.
LaTeX Font Info:    Checking defaults for OT1/cmr/m/n on input line 10.
LaTeX Font Info:    ... okay on input line 10.
LaTeX Font Info:    Checking defaults for OMS/cmsy/m/n on input line 10.
LaTeX Font Info:    ... okay on input line 10.
LaTeX Font Info:    Checking defaults for OMX/cmex/m/n on input line 10.
LaTeX Font Info:    ... okay on input line 10.
LaTeX Font Info:    Checking defaults for U/cmr/m/n on input line 10.
LaTeX Font Info:    ... okay on input line 10.
LaTeX Font Info:    Checking defaults for PD1/pdf/m/n on input line 10.
LaTeX Font Info:    ... okay on input line 10.
LaTeX Font Info:    Try loading font information for T1+ptm on input line 10.

(/usr/share/texlive/texmf-dist/tex/latex/psnfss/t1ptm.fd
File: t1ptm.fd 2001/06/04 font definitions for T1/ptm.
)
*geometry* driver: auto-detecting
*geometry* detected driver: pdftex
*geometry* verbose mode - [ preamble ] result:
* driver: pdftex
* paper: custom
* layout: <same size as paper>
* layoutoffset:(h,v)=(0.0pt,0.0pt)
* modes: includehead includefoot 
* h-part:(L,W,R)=(28.45274pt, 307.28987pt, 28.45274pt)
* v-part:(T,H,B)=(0.0pt, 273.14662pt, 0.0pt)
* \paperwidth=364.19536pt
* \paperheight=273.14662pt
* \textwidth=307.28987pt
* \textheight=244.6939pt
* \oddsidemargin=-43.81725pt
* \evensidemargin=-43.81725pt
* \topmargin=-72.26999pt
* \headheight=14.22636pt
* \headsep=0.0pt
* \topskip=11.0pt
* \footskip=14.22636pt
* \marginparwidth=4.0pt
* \marginparsep=10.0pt
* \columnsep=10.0pt
* \skip\footins=10.0pt plus 4.0pt minus 2.0pt
* \hoffset=0.0pt
* \voffset=0.0pt
* \mag=1000
* \@twocolumnfalse
* \@twosidefalse
* \@mparswitchfalse
* \@reversemarginfalse
* (1in=72.27pt=25.4mm, 1cm=28.453pt)

(/usr/share/texlive/texmf-dist/tex/context/base/supp-pdf.mkii
[Loading MPS to PDF converter (version 2006.09.02).]
\scratchcounter=\count186
\scratchdimen=\dimen258
\scratchbox=\box113
\nofMPsegments=\count187
\nofMParguments=\count188
\everyMPshowfont=\toks56
\MPscratchCnt=\count189
\MPscratchDim=\dimen259
\MPnumerator=\count190
\makeMPintoPDFobject=\count191
\everyMPtoPDFconversion=\toks57
) (/usr/share/texlive/texmf-dist/tex/latex/oberdiek/epstopdf-base.sty
Package: epstopdf-base 2010/02/09 v2.5 Base part for package epstopdf

(/usr/share/texlive/texmf-dist/tex/latex/oberdiek/grfext.sty
Package: grfext 2010/08/19 v1.1 Manage graphics extensions (HO)
)
Package grfext Info: Graphics extension search list:
(grfext)             [.pdf,.JPG,.jpg,.jpeg,.png,.PNG,.eps]
(grfext)             \AppendGraphicsExtensions on input line 452.

(/usr/share/texlive/texmf-dist/tex/latex/latexconfig/epstopdf-sys.cfg
File: epstopdf-sys.cfg 2010/07/13 v1.3 Configuration of (r)epstopdf for TeX Liv
e
))
ABD: EveryShipout initializing macros
\AtBeginShipoutBox=\box114
Package hyperref Info: Link coloring ON on input line 10.

(/usr/share/texlive/texmf-dist/tex/latex/hyperref/nameref.sty
Package: nameref 2012/10/27 v2.43 Cross-referencing by name of section

(/usr/share/texlive/texmf-dist/tex/generic/oberdiek/gettitlestring.sty
Package: gettitlestring 2010/12/03 v1.4 Cleanup title references (HO)
)
\c@section@level=\count192
)
LaTeX Info: Redefining \ref on input line 10.
LaTeX Info: Redefining \pageref on input line 10.
LaTeX Info: Redefining \nameref on input line 10.

(./DivaLecce2016_diva4D.out) (./DivaLecce2016_diva4D.out)
\@outlinefile=\write6
\openout6 = `DivaLecce2016_diva4D.out'.


(/usr/share/texlive/texmf-dist/tex/latex/beamer/translator/dicts/translator-bas
ic-dictionary/translator-basic-dictionary-English.dict
Dictionary: translator-basic-dictionary, Language: English 
)
(/usr/share/texlive/texmf-dist/tex/latex/beamer/translator/dicts/translator-bib
liography-dictionary/translator-bibliography-dictionary-English.dict
Dictionary: translator-bibliography-dictionary, Language: English 
)
(/usr/share/texlive/texmf-dist/tex/latex/beamer/translator/dicts/translator-env
ironment-dictionary/translator-environment-dictionary-English.dict
Dictionary: translator-environment-dictionary, Language: English 
)
(/usr/share/texlive/texmf-dist/tex/latex/beamer/translator/dicts/translator-mon
ths-dictionary/translator-months-dictionary-English.dict
Dictionary: translator-months-dictionary, Language: English 
)
(/usr/share/texlive/texmf-dist/tex/latex/beamer/translator/dicts/translator-num
bers-dictionary/translator-numbers-dictionary-English.dict
Dictionary: translator-numbers-dictionary, Language: English 
)
(/usr/share/texlive/texmf-dist/tex/latex/beamer/translator/dicts/translator-the
orem-dictionary/translator-theorem-dictionary-English.dict
Dictionary: translator-theorem-dictionary, Language: English 
)
LaTeX Info: Redefining \includegraphics on input line 10.
\c@lstlisting=\count193

(./DivaLecce2016_diva4D.nav)
LaTeX Font Info:    Try loading font information for T1+phv on input line 12.

(/usr/share/texlive/texmf-dist/tex/latex/psnfss/t1phv.fd
File: t1phv.fd 2001/06/04 scalable font definitions for T1/phv.
)
LaTeX Font Info:    Font shape `T1/ptm/bx/n' in size <6> not available
(Font)              Font shape `T1/ptm/b/n' tried instead on input line 12.

<./figures/gherlogo_transparent.PNG, id=61, 660.4675pt x 569.12625pt>
File: ./figures/gherlogo_transparent.PNG Graphic file (type png)

<use ./figures/gherlogo_transparent.PNG>
Package pdftex.def Info: ./figures/gherlogo_transparent.PNG used on input line 
12.
(pdftex.def)             Requested size: 36.42175pt x 31.38454pt.

<./figures/logo_ulg.PNG, id=63, 637.38126pt x 464.73625pt>
File: ./figures/logo_ulg.PNG Graphic file (type png)

<use ./figures/logo_ulg.PNG>
Package pdftex.def Info: ./figures/logo_ulg.PNG used on input line 12.
(pdftex.def)             Requested size: 36.42175pt x 26.5498pt.

<./figures/Logo_SeaDataNet_fond_transparent.png, id=64, 190.7125pt x 103.38625p
t>
File: ./figures/Logo_SeaDataNet_fond_transparent.png Graphic file (type png)
 <use ./figures/Logo_SeaDataNet_fond_transparent.png>
Package pdftex.def Info: ./figures/Logo_SeaDataNet_fond_transparent.png used on
 input line 12.
(pdftex.def)             Requested size: 36.42175pt x 19.74297pt.

<./figures/logo_emodnet.jpg, id=65, 112.92188pt x 119.69719pt>
File: ./figures/logo_emodnet.jpg Graphic file (type jpg)

<use ./figures/logo_emodnet.jpg>
Package pdftex.def Info: ./figures/logo_emodnet.jpg used on input line 12.
(pdftex.def)             Requested size: 25.49634pt x 27.02567pt.

<./figures/Logo_Stareso.jpg, id=66, 225.84375pt x 117.43875pt>
File: ./figures/Logo_Stareso.jpg Graphic file (type jpg)

<use ./figures/Logo_Stareso.jpg>
Package pdftex.def Info: ./figures/Logo_Stareso.jpg used on input line 12.
(pdftex.def)             Requested size: 32.77625pt x 17.04341pt.

<./figures/Lecce1.jpg, id=67, 1204.5pt x 683.55376pt>
File: ./figures/Lecce1.jpg Graphic file (type jpg)

<use ./figures/Lecce1.jpg>
Package pdftex.def Info: ./figures/Lecce1.jpg used on input line 12.
(pdftex.def)             Requested size: 505.39032pt x 286.80478pt.
File: ./figures/gherlogo_transparent.PNG Graphic file (type png)
 <use ./figures/gherlogo_transparent.PNG>
Package pdftex.def Info: ./figures/gherlogo_transparent.PNG used on input line 
12.
(pdftex.def)             Requested size: 16.50761pt x 14.22636pt.
File: ./figures/Logo_SeaDataNet_fond_transparent.png Graphic file (type png)

<use ./figures/Logo_SeaDataNet_fond_transparent.png>
Package pdftex.def Info: ./figures/Logo_SeaDataNet_fond_transparent.png used on
 input line 12.
(pdftex.def)             Requested size: 26.24269pt x 14.22636pt.
 [1

{/var/lib/texmf/fonts/map/pdftex/updmap/pdftex.map} <./figures/Lecce1.jpg> <./f
igures/gherlogo_transparent.PNG> <./figures/Logo_SeaDataNet_fond_transparent.pn
g> <./figures/logo_ulg.PNG> <./figures/logo_emodnet.jpg> <./figures/Logo_Stares
o.jpg>]
(./DivaLecce2016_diva4D.toc
LaTeX Font Info:    Try loading font information for U+msa on input line 9.

(/usr/share/texlive/texmf-dist/tex/latex/amsfonts/umsa.fd
File: umsa.fd 2013/01/14 v3.01 AMS symbols A
)
LaTeX Font Info:    Try loading font information for U+msb on input line 9.

(/usr/share/texlive/texmf-dist/tex/latex/amsfonts/umsb.fd
File: umsb.fd 2013/01/14 v3.01 AMS symbols B
)
LaTeX Font Info:    Try loading font information for U+wasy on input line 9.

(/usr/share/texlive/texmf-dist/tex/latex/wasysym/uwasy.fd
File: uwasy.fd 2003/10/30 v2.0 Wasy-2 symbol font definitions
))
File: ./figures/gherlogo_transparent.PNG Graphic file (type png)

<use ./figures/gherlogo_transparent.PNG>
Package pdftex.def Info: ./figures/gherlogo_transparent.PNG used on input line 
28.
(pdftex.def)             Requested size: 16.50761pt x 14.22636pt.
File: ./figures/Logo_SeaDataNet_fond_transparent.png Graphic file (type png)

<use ./figures/Logo_SeaDataNet_fond_transparent.png>
Package pdftex.def Info: ./figures/Logo_SeaDataNet_fond_transparent.png used on
 input line 28.
(pdftex.def)             Requested size: 26.24269pt x 14.22636pt.
 [2

]
File: ./figures/gherlogo_transparent.PNG Graphic file (type png)

<use ./figures/gherlogo_transparent.PNG>
Package pdftex.def Info: ./figures/gherlogo_transparent.PNG used on input line 
41.
(pdftex.def)             Requested size: 16.50761pt x 14.22636pt.
File: ./figures/Logo_SeaDataNet_fond_transparent.png Graphic file (type png)

<use ./figures/Logo_SeaDataNet_fond_transparent.png>
Package pdftex.def Info: ./figures/Logo_SeaDataNet_fond_transparent.png used on
 input line 41.
(pdftex.def)             Requested size: 26.24269pt x 14.22636pt.
 [3

]
(./DivaLecce2016_diva4D.toc)
File: ./figures/gherlogo_transparent.PNG Graphic file (type png)
 <use ./figures/gherlogo_transparent.PNG>
Package pdftex.def Info: ./figures/gherlogo_transparent.PNG used on input line 
45.
(pdftex.def)             Requested size: 16.50761pt x 14.22636pt.
File: ./figures/Logo_SeaDataNet_fond_transparent.png Graphic file (type png)

<use ./figures/Logo_SeaDataNet_fond_transparent.png>
Package pdftex.def Info: ./figures/Logo_SeaDataNet_fond_transparent.png used on
 input line 45.
(pdftex.def)             Requested size: 26.24269pt x 14.22636pt.
 [4

]
LaTeX Font Info:    Try loading font information for T1+pcr on input line 76.

(/usr/share/texlive/texmf-dist/tex/latex/psnfss/t1pcr.fd
File: t1pcr.fd 2001/06/04 font definitions for T1/pcr.
)
Overfull \hbox (0.52754pt too wide) in paragraph at lines 76--76
 [] 
 []

File: ./figures/gherlogo_transparent.PNG Graphic file (type png)
<use ./figures/gherlogo_transparent.PNG>
Package pdftex.def Info: ./figures/gherlogo_transparent.PNG used on input line 
76.
(pdftex.def)             Requested size: 16.50761pt x 14.22636pt.
File: ./figures/Logo_SeaDataNet_fond_transparent.png Graphic file (type png)

<use ./figures/Logo_SeaDataNet_fond_transparent.png>
Package pdftex.def Info: ./figures/Logo_SeaDataNet_fond_transparent.png used on
 input line 76.
(pdftex.def)             Requested size: 26.24269pt x 14.22636pt.
 [5

]
(./DivaLecce2016_diva4D.toc)
File: ./figures/gherlogo_transparent.PNG Graphic file (type png)
 <use ./figures/gherlogo_transparent.PNG>
Package pdftex.def Info: ./figures/gherlogo_transparent.PNG used on input line 
83.
(pdftex.def)             Requested size: 16.50761pt x 14.22636pt.
File: ./figures/Logo_SeaDataNet_fond_transparent.png Graphic file (type png)

<use ./figures/Logo_SeaDataNet_fond_transparent.png>
Package pdftex.def Info: ./figures/Logo_SeaDataNet_fond_transparent.png used on
 input line 83.
(pdftex.def)             Requested size: 26.24269pt x 14.22636pt.
 [6

]
File: ./figures/gherlogo_transparent.PNG Graphic file (type png)

<use ./figures/gherlogo_transparent.PNG>
Package pdftex.def Info: ./figures/gherlogo_transparent.PNG used on input line 
110.
(pdftex.def)             Requested size: 16.50761pt x 14.22636pt.
File: ./figures/Logo_SeaDataNet_fond_transparent.png Graphic file (type png)

<use ./figures/Logo_SeaDataNet_fond_transparent.png>
Package pdftex.def Info: ./figures/Logo_SeaDataNet_fond_transparent.png used on
 input line 110.
(pdftex.def)             Requested size: 26.24269pt x 14.22636pt.
 [7

]
<./figures/driverB.png, id=156, 603.75563pt x 118.19156pt>
File: ./figures/driverB.png Graphic file (type png)

<use ./figures/driverB.png>
Package pdftex.def Info: ./figures/driverB.png used on input line 140.
(pdftex.def)             Requested size: 227.62204pt x 44.55797pt.
LaTeX Font Info:    Font shape `T1/pcr/m/it' in size <8> not available
(Font)              Font shape `T1/pcr/m/sl' tried instead on input line 140.
File: ./figures/gherlogo_transparent.PNG Graphic file (type png)
 <use ./figures/gherlogo_transparent.PNG>
Package pdftex.def Info: ./figures/gherlogo_transparent.PNG used on input line 
140.
(pdftex.def)             Requested size: 16.50761pt x 14.22636pt.
File: ./figures/Logo_SeaDataNet_fond_transparent.png Graphic file (type png)

<use ./figures/Logo_SeaDataNet_fond_transparent.png>
Package pdftex.def Info: ./figures/Logo_SeaDataNet_fond_transparent.png used on
 input line 140.
(pdftex.def)             Requested size: 26.24269pt x 14.22636pt.
 [8

 <./figures/driverB.png>] (./DivaLecce2016_diva4D.toc)
File: ./figures/gherlogo_transparent.PNG Graphic file (type png)
 <use ./figures/gherlogo_transparent.PNG>
Package pdftex.def Info: ./figures/gherlogo_transparent.PNG used on input line 
143.
(pdftex.def)             Requested size: 16.50761pt x 14.22636pt.
File: ./figures/Logo_SeaDataNet_fond_transparent.png Graphic file (type png)

<use ./figures/Logo_SeaDataNet_fond_transparent.png>
Package pdftex.def Info: ./figures/Logo_SeaDataNet_fond_transparent.png used on
 input line 143.
(pdftex.def)             Requested size: 26.24269pt x 14.22636pt.
 [9

]
\openout4 = `DivaLecce2016_diva4D.vrb'.


(./DivaLecce2016_diva4D.vrb
(/usr/share/texlive/texmf-dist/tex/latex/listings/lstlang1.sty
File: lstlang1.sty 2015/06/04 1.6 listings language file
)
(/usr/share/texlive/texmf-dist/tex/latex/listings/lstlang1.sty
File: lstlang1.sty 2015/06/04 1.6 listings language file
))
File: ./figures/gherlogo_transparent.PNG Graphic file (type png)

<use ./figures/gherlogo_transparent.PNG>
Package pdftex.def Info: ./figures/gherlogo_transparent.PNG used on input line 
170.
(pdftex.def)             Requested size: 16.50761pt x 14.22636pt.
File: ./figures/Logo_SeaDataNet_fond_transparent.png Graphic file (type png)

<use ./figures/Logo_SeaDataNet_fond_transparent.png>
Package pdftex.def Info: ./figures/Logo_SeaDataNet_fond_transparent.png used on
 input line 170.
(pdftex.def)             Requested size: 26.24269pt x 14.22636pt.
 [10

]
\openout4 = `DivaLecce2016_diva4D.vrb'.


(./DivaLecce2016_diva4D.vrb)
File: ./figures/gherlogo_transparent.PNG Graphic file (type png)
 <use ./figures/gherlogo_transparent.PNG>
Package pdftex.def Info: ./figures/gherlogo_transparent.PNG used on input line 
188.
(pdftex.def)             Requested size: 16.50761pt x 14.22636pt.
File: ./figures/Logo_SeaDataNet_fond_transparent.png Graphic file (type png)

<use ./figures/Logo_SeaDataNet_fond_transparent.png>
Package pdftex.def Info: ./figures/Logo_SeaDataNet_fond_transparent.png used on
 input line 188.
(pdftex.def)             Requested size: 26.24269pt x 14.22636pt.
 [11

]
File: ./figures/gherlogo_transparent.PNG Graphic file (type png)

<use ./figures/gherlogo_transparent.PNG>
Package pdftex.def Info: ./figures/gherlogo_transparent.PNG used on input line 
207.
(pdftex.def)             Requested size: 16.50761pt x 14.22636pt.
File: ./figures/Logo_SeaDataNet_fond_transparent.png Graphic file (type png)

<use ./figures/Logo_SeaDataNet_fond_transparent.png>
Package pdftex.def Info: ./figures/Logo_SeaDataNet_fond_transparent.png used on
 input line 207.
(pdftex.def)             Requested size: 26.24269pt x 14.22636pt.
 [12

]
File: ./figures/gherlogo_transparent.PNG Graphic file (type png)

<use ./figures/gherlogo_transparent.PNG>
Package pdftex.def Info: ./figures/gherlogo_transparent.PNG used on input line 
248.
(pdftex.def)             Requested size: 16.50761pt x 14.22636pt.
File: ./figures/Logo_SeaDataNet_fond_transparent.png Graphic file (type png)

<use ./figures/Logo_SeaDataNet_fond_transparent.png>
Package pdftex.def Info: ./figures/Logo_SeaDataNet_fond_transparent.png used on
 input line 248.
(pdftex.def)             Requested size: 26.24269pt x 14.22636pt.
 [13

]
<./figures/coastlines.png, id=205, 951.555pt x 941.01563pt>
File: ./figures/coastlines.png Graphic file (type png)

<use ./figures/coastlines.png>
Package pdftex.def Info: ./figures/coastlines.png used on input line 258.
(pdftex.def)             Requested size: 230.46739pt x 227.91602pt.

Overfull \vbox (0.61075pt too high) detected at line 258
 []

File: ./figures/gherlogo_transparent.PNG Graphic file (type png)
<use ./figures/gherlogo_transparent.PNG>
Package pdftex.def Info: ./figures/gherlogo_transparent.PNG used on input line 
258.
(pdftex.def)             Requested size: 16.50761pt x 14.22636pt.
File: ./figures/Logo_SeaDataNet_fond_transparent.png Graphic file (type png)

<use ./figures/Logo_SeaDataNet_fond_transparent.png>
Package pdftex.def Info: ./figures/Logo_SeaDataNet_fond_transparent.png used on
 input line 258.
(pdftex.def)             Requested size: 26.24269pt x 14.22636pt.
 [14

 <./figures/coastlines.png (PNG copy)>]
File: ./figures/gherlogo_transparent.PNG Graphic file (type png)
 <use ./figures/gherlogo_transparent.PNG>
Package pdftex.def Info: ./figures/gherlogo_transparent.PNG used on input line 
290.
(pdftex.def)             Requested size: 16.50761pt x 14.22636pt.
File: ./figures/Logo_SeaDataNet_fond_transparent.png Graphic file (type png)

<use ./figures/Logo_SeaDataNet_fond_transparent.png>
Package pdftex.def Info: ./figures/Logo_SeaDataNet_fond_transparent.png used on
 input line 290.
(pdftex.def)             Requested size: 26.24269pt x 14.22636pt.
 [15

]
<./figures/tocopa.png, id=217, 796.77675pt x 597.432pt>
File: ./figures/tocopa.png Graphic file (type png)

<use ./figures/tocopa.png>
Package pdftex.def Info: ./figures/tocopa.png used on input line 331.
(pdftex.def)             Requested size: 184.9429pt x 138.6736pt.

Overfull \hbox (31.29797pt too wide) in paragraph at lines 331--331
 [] 
 []

File: ./figures/gherlogo_transparent.PNG Graphic file (type png)
<use ./figures/gherlogo_transparent.PNG>
Package pdftex.def Info: ./figures/gherlogo_transparent.PNG used on input line 
331.
(pdftex.def)             Requested size: 16.50761pt x 14.22636pt.
File: ./figures/Logo_SeaDataNet_fond_transparent.png Graphic file (type png)

<use ./figures/Logo_SeaDataNet_fond_transparent.png>
Package pdftex.def Info: ./figures/Logo_SeaDataNet_fond_transparent.png used on
 input line 331.
(pdftex.def)             Requested size: 26.24269pt x 14.22636pt.
 [16

 <./figures/tocopa.png>] <./figures/driver1.png, id=223, 565.11125pt x 120.45pt
>
File: ./figures/driver1.png Graphic file (type png)

<use ./figures/driver1.png>
Package pdftex.def Info: ./figures/driver1.png used on input line 395.
(pdftex.def)             Requested size: 227.62204pt x 48.51547pt.
File: ./figures/gherlogo_transparent.PNG Graphic file (type png)
 <use ./figures/gherlogo_transparent.PNG>
Package pdftex.def Info: ./figures/gherlogo_transparent.PNG used on input line 
395.
(pdftex.def)             Requested size: 16.50761pt x 14.22636pt.
File: ./figures/Logo_SeaDataNet_fond_transparent.png Graphic file (type png)

<use ./figures/Logo_SeaDataNet_fond_transparent.png>
Package pdftex.def Info: ./figures/Logo_SeaDataNet_fond_transparent.png used on
 input line 395.
(pdftex.def)             Requested size: 26.24269pt x 14.22636pt.
 [17

 <./figures/driver1.png>]
File: ./figures/gherlogo_transparent.PNG Graphic file (type png)
 <use ./figures/gherlogo_transparent.PNG>
Package pdftex.def Info: ./figures/gherlogo_transparent.PNG used on input line 
429.
(pdftex.def)             Requested size: 16.50761pt x 14.22636pt.
File: ./figures/Logo_SeaDataNet_fond_transparent.png Graphic file (type png)

<use ./figures/Logo_SeaDataNet_fond_transparent.png>
Package pdftex.def Info: ./figures/Logo_SeaDataNet_fond_transparent.png used on
 input line 429.
(pdftex.def)             Requested size: 26.24269pt x 14.22636pt.
 [18

]
(./DivaLecce2016_diva4D.toc)
File: ./figures/gherlogo_transparent.PNG Graphic file (type png)
 <use ./figures/gherlogo_transparent.PNG>
Package pdftex.def Info: ./figures/gherlogo_transparent.PNG used on input line 
432.
(pdftex.def)             Requested size: 16.50761pt x 14.22636pt.
File: ./figures/Logo_SeaDataNet_fond_transparent.png Graphic file (type png)

<use ./figures/Logo_SeaDataNet_fond_transparent.png>
Package pdftex.def Info: ./figures/Logo_SeaDataNet_fond_transparent.png used on
 input line 432.
(pdftex.def)             Requested size: 26.24269pt x 14.22636pt.
 [19

]
File: ./figures/gherlogo_transparent.PNG Graphic file (type png)

<use ./figures/gherlogo_transparent.PNG>
Package pdftex.def Info: ./figures/gherlogo_transparent.PNG used on input line 
447.
(pdftex.def)             Requested size: 16.50761pt x 14.22636pt.
File: ./figures/Logo_SeaDataNet_fond_transparent.png Graphic file (type png)

<use ./figures/Logo_SeaDataNet_fond_transparent.png>
Package pdftex.def Info: ./figures/Logo_SeaDataNet_fond_transparent.png used on
 input line 447.
(pdftex.def)             Requested size: 26.24269pt x 14.22636pt.
 [20

]
File: ./figures/gherlogo_transparent.PNG Graphic file (type png)

<use ./figures/gherlogo_transparent.PNG>
Package pdftex.def Info: ./figures/gherlogo_transparent.PNG used on input line 
465.
(pdftex.def)             Requested size: 16.50761pt x 14.22636pt.
File: ./figures/Logo_SeaDataNet_fond_transparent.png Graphic file (type png)

<use ./figures/Logo_SeaDataNet_fond_transparent.png>
Package pdftex.def Info: ./figures/Logo_SeaDataNet_fond_transparent.png used on
 input line 465.
(pdftex.def)             Requested size: 26.24269pt x 14.22636pt.
 [21

]
<./figures/driver3.png, id=262, 796.77675pt x 597.432pt>
File: ./figures/driver3.png Graphic file (type png)

<use ./figures/driver3.png>
Package pdftex.def Info: ./figures/driver3.png used on input line 508.
(pdftex.def)             Requested size: 170.71652pt x 127.99869pt.

Overfull \vbox (18.22945pt too high) detected at line 508
 []

File: ./figures/gherlogo_transparent.PNG Graphic file (type png)
<use ./figures/gherlogo_transparent.PNG>
Package pdftex.def Info: ./figures/gherlogo_transparent.PNG used on input line 
508.
(pdftex.def)             Requested size: 16.50761pt x 14.22636pt.
File: ./figures/Logo_SeaDataNet_fond_transparent.png Graphic file (type png)

<use ./figures/Logo_SeaDataNet_fond_transparent.png>
Package pdftex.def Info: ./figures/Logo_SeaDataNet_fond_transparent.png used on
 input line 508.
(pdftex.def)             Requested size: 26.24269pt x 14.22636pt.
 [22

 <./figures/driver3.png>]
File: ./figures/gherlogo_transparent.PNG Graphic file (type png)
 <use ./figures/gherlogo_transparent.PNG>
Package pdftex.def Info: ./figures/gherlogo_transparent.PNG used on input line 
536.
(pdftex.def)             Requested size: 16.50761pt x 14.22636pt.
File: ./figures/Logo_SeaDataNet_fond_transparent.png Graphic file (type png)

<use ./figures/Logo_SeaDataNet_fond_transparent.png>
Package pdftex.def Info: ./figures/Logo_SeaDataNet_fond_transparent.png used on
 input line 536.
(pdftex.def)             Requested size: 26.24269pt x 14.22636pt.
 [23

]

Package hyperref Warning: Token not allowed in a PDF string (PDFDocEncoding):
(hyperref)                removing `math shift' on input line 539.


Package hyperref Warning: Token not allowed in a PDF string (PDFDocEncoding):
(hyperref)                removing `math shift' on input line 539.


Package hyperref Warning: Token not allowed in a PDF string (PDFDocEncoding):
(hyperref)                removing `math shift' on input line 539.


Package hyperref Warning: Token not allowed in a PDF string (PDFDocEncoding):
(hyperref)                removing `\lambda' on input line 539.


Package hyperref Warning: Token not allowed in a PDF string (PDFDocEncoding):
(hyperref)                removing `math shift' on input line 539.

(./DivaLecce2016_diva4D.toc)
File: ./figures/gherlogo_transparent.PNG Graphic file (type png)
 <use ./figures/gherlogo_transparent.PNG>
Package pdftex.def Info: ./figures/gherlogo_transparent.PNG used on input line 
539.
(pdftex.def)             Requested size: 16.50761pt x 14.22636pt.
File: ./figures/Logo_SeaDataNet_fond_transparent.png Graphic file (type png)

<use ./figures/Logo_SeaDataNet_fond_transparent.png>
Package pdftex.def Info: ./figures/Logo_SeaDataNet_fond_transparent.png used on
 input line 539.
(pdftex.def)             Requested size: 26.24269pt x 14.22636pt.
 [24

]
File: ./figures/gherlogo_transparent.PNG Graphic file (type png)

<use ./figures/gherlogo_transparent.PNG>
Package pdftex.def Info: ./figures/gherlogo_transparent.PNG used on input line 
553.
(pdftex.def)             Requested size: 16.50761pt x 14.22636pt.
File: ./figures/Logo_SeaDataNet_fond_transparent.png Graphic file (type png)

<use ./figures/Logo_SeaDataNet_fond_transparent.png>
Package pdftex.def Info: ./figures/Logo_SeaDataNet_fond_transparent.png used on
 input line 553.
(pdftex.def)             Requested size: 26.24269pt x 14.22636pt.
 [25

]
<./figures/driver4.png, id=296, 796.77675pt x 597.432pt>
File: ./figures/driver4.png Graphic file (type png)

<use ./figures/driver4.png>
Package pdftex.def Info: ./figures/driver4.png used on input line 575.
(pdftex.def)             Requested size: 156.49014pt x 117.33289pt.
File: ./figures/gherlogo_transparent.PNG Graphic file (type png)
 <use ./figures/gherlogo_transparent.PNG>
Package pdftex.def Info: ./figures/gherlogo_transparent.PNG used on input line 
575.
(pdftex.def)             Requested size: 16.50761pt x 14.22636pt.
File: ./figures/Logo_SeaDataNet_fond_transparent.png Graphic file (type png)

<use ./figures/Logo_SeaDataNet_fond_transparent.png>
Package pdftex.def Info: ./figures/Logo_SeaDataNet_fond_transparent.png used on
 input line 575.
(pdftex.def)             Requested size: 26.24269pt x 14.22636pt.
 [26

 <./figures/driver4.png>]
File: ./figures/gherlogo_transparent.PNG Graphic file (type png)
 <use ./figures/gherlogo_transparent.PNG>
Package pdftex.def Info: ./figures/gherlogo_transparent.PNG used on input line 
621.
(pdftex.def)             Requested size: 16.50761pt x 14.22636pt.
File: ./figures/Logo_SeaDataNet_fond_transparent.png Graphic file (type png)

<use ./figures/Logo_SeaDataNet_fond_transparent.png>
Package pdftex.def Info: ./figures/Logo_SeaDataNet_fond_transparent.png used on
 input line 621.
(pdftex.def)             Requested size: 26.24269pt x 14.22636pt.
 [27

]
File: ./figures/gherlogo_transparent.PNG Graphic file (type png)

<use ./figures/gherlogo_transparent.PNG>
Package pdftex.def Info: ./figures/gherlogo_transparent.PNG used on input line 
649.
(pdftex.def)             Requested size: 16.50761pt x 14.22636pt.
File: ./figures/Logo_SeaDataNet_fond_transparent.png Graphic file (type png)

<use ./figures/Logo_SeaDataNet_fond_transparent.png>
Package pdftex.def Info: ./figures/Logo_SeaDataNet_fond_transparent.png used on
 input line 649.
(pdftex.def)             Requested size: 26.24269pt x 14.22636pt.
 [28

]
(./DivaLecce2016_diva4D.toc)
File: ./figures/gherlogo_transparent.PNG Graphic file (type png)
 <use ./figures/gherlogo_transparent.PNG>
Package pdftex.def Info: ./figures/gherlogo_transparent.PNG used on input line 
653.
(pdftex.def)             Requested size: 16.50761pt x 14.22636pt.
File: ./figures/Logo_SeaDataNet_fond_transparent.png Graphic file (type png)

<use ./figures/Logo_SeaDataNet_fond_transparent.png>
Package pdftex.def Info: ./figures/Logo_SeaDataNet_fond_transparent.png used on
 input line 653.
(pdftex.def)             Requested size: 26.24269pt x 14.22636pt.
 [29

]
File: ./figures/gherlogo_transparent.PNG Graphic file (type png)

<use ./figures/gherlogo_transparent.PNG>
Package pdftex.def Info: ./figures/gherlogo_transparent.PNG used on input line 
672.
(pdftex.def)             Requested size: 16.50761pt x 14.22636pt.
File: ./figures/Logo_SeaDataNet_fond_transparent.png Graphic file (type png)

<use ./figures/Logo_SeaDataNet_fond_transparent.png>
Package pdftex.def Info: ./figures/Logo_SeaDataNet_fond_transparent.png used on
 input line 672.
(pdftex.def)             Requested size: 26.24269pt x 14.22636pt.
 [30

]
<./figures/driver5.png, id=335, 394.47375pt x 185.69376pt>
File: ./figures/driver5.png Graphic file (type png)

<use ./figures/driver5.png>
Package pdftex.def Info: ./figures/driver5.png used on input line 700.
(pdftex.def)             Requested size: 156.49014pt x 73.66415pt.
File: ./figures/gherlogo_transparent.PNG Graphic file (type png)
 <use ./figures/gherlogo_transparent.PNG>
Package pdftex.def Info: ./figures/gherlogo_transparent.PNG used on input line 
700.
(pdftex.def)             Requested size: 16.50761pt x 14.22636pt.
File: ./figures/Logo_SeaDataNet_fond_transparent.png Graphic file (type png)

<use ./figures/Logo_SeaDataNet_fond_transparent.png>
Package pdftex.def Info: ./figures/Logo_SeaDataNet_fond_transparent.png used on
 input line 700.
(pdftex.def)             Requested size: 26.24269pt x 14.22636pt.
 [31

 <./figures/driver5.png>]
File: ./figures/gherlogo_transparent.PNG Graphic file (type png)
 <use ./figures/gherlogo_transparent.PNG>
Package pdftex.def Info: ./figures/gherlogo_transparent.PNG used on input line 
756.
(pdftex.def)             Requested size: 16.50761pt x 14.22636pt.
File: ./figures/Logo_SeaDataNet_fond_transparent.png Graphic file (type png)

<use ./figures/Logo_SeaDataNet_fond_transparent.png>
Package pdftex.def Info: ./figures/Logo_SeaDataNet_fond_transparent.png used on
 input line 756.
(pdftex.def)             Requested size: 26.24269pt x 14.22636pt.
 [32

]
File: ./figures/gherlogo_transparent.PNG Graphic file (type png)

<use ./figures/gherlogo_transparent.PNG>
Package pdftex.def Info: ./figures/gherlogo_transparent.PNG used on input line 
784.
(pdftex.def)             Requested size: 16.50761pt x 14.22636pt.
File: ./figures/Logo_SeaDataNet_fond_transparent.png Graphic file (type png)

<use ./figures/Logo_SeaDataNet_fond_transparent.png>
Package pdftex.def Info: ./figures/Logo_SeaDataNet_fond_transparent.png used on
 input line 784.
(pdftex.def)             Requested size: 26.24269pt x 14.22636pt.
 [33

]
(./DivaLecce2016_diva4D.toc)
File: ./figures/gherlogo_transparent.PNG Graphic file (type png)
 <use ./figures/gherlogo_transparent.PNG>
Package pdftex.def Info: ./figures/gherlogo_transparent.PNG used on input line 
787.
(pdftex.def)             Requested size: 16.50761pt x 14.22636pt.
File: ./figures/Logo_SeaDataNet_fond_transparent.png Graphic file (type png)

<use ./figures/Logo_SeaDataNet_fond_transparent.png>
Package pdftex.def Info: ./figures/Logo_SeaDataNet_fond_transparent.png used on
 input line 787.
(pdftex.def)             Requested size: 26.24269pt x 14.22636pt.
 [34

]
File: ./figures/gherlogo_transparent.PNG Graphic file (type png)

<use ./figures/gherlogo_transparent.PNG>
Package pdftex.def Info: ./figures/gherlogo_transparent.PNG used on input line 
816.
(pdftex.def)             Requested size: 16.50761pt x 14.22636pt.
File: ./figures/Logo_SeaDataNet_fond_transparent.png Graphic file (type png)

<use ./figures/Logo_SeaDataNet_fond_transparent.png>
Package pdftex.def Info: ./figures/Logo_SeaDataNet_fond_transparent.png used on
 input line 816.
(pdftex.def)             Requested size: 26.24269pt x 14.22636pt.
 [35

]
File: ./figures/gherlogo_transparent.PNG Graphic file (type png)

<use ./figures/gherlogo_transparent.PNG>
Package pdftex.def Info: ./figures/gherlogo_transparent.PNG used on input line 
853.
(pdftex.def)             Requested size: 16.50761pt x 14.22636pt.
File: ./figures/Logo_SeaDataNet_fond_transparent.png Graphic file (type png)

<use ./figures/Logo_SeaDataNet_fond_transparent.png>
Package pdftex.def Info: ./figures/Logo_SeaDataNet_fond_transparent.png used on
 input line 853.
(pdftex.def)             Requested size: 26.24269pt x 14.22636pt.
 [36

]
(./DivaLecce2016_diva4D.toc)
File: ./figures/gherlogo_transparent.PNG Graphic file (type png)
 <use ./figures/gherlogo_transparent.PNG>
Package pdftex.def Info: ./figures/gherlogo_transparent.PNG used on input line 
855.
(pdftex.def)             Requested size: 16.50761pt x 14.22636pt.
File: ./figures/Logo_SeaDataNet_fond_transparent.png Graphic file (type png)

<use ./figures/Logo_SeaDataNet_fond_transparent.png>
Package pdftex.def Info: ./figures/Logo_SeaDataNet_fond_transparent.png used on
 input line 855.
(pdftex.def)             Requested size: 26.24269pt x 14.22636pt.
 [37

]
File: ./figures/gherlogo_transparent.PNG Graphic file (type png)

<use ./figures/gherlogo_transparent.PNG>
Package pdftex.def Info: ./figures/gherlogo_transparent.PNG used on input line 
888.
(pdftex.def)             Requested size: 16.50761pt x 14.22636pt.
File: ./figures/Logo_SeaDataNet_fond_transparent.png Graphic file (type png)

<use ./figures/Logo_SeaDataNet_fond_transparent.png>
Package pdftex.def Info: ./figures/Logo_SeaDataNet_fond_transparent.png used on
 input line 888.
(pdftex.def)             Requested size: 26.24269pt x 14.22636pt.
 [38

]
File: ./figures/gherlogo_transparent.PNG Graphic file (type png)

<use ./figures/gherlogo_transparent.PNG>
Package pdftex.def Info: ./figures/gherlogo_transparent.PNG used on input line 
914.
(pdftex.def)             Requested size: 16.50761pt x 14.22636pt.
File: ./figures/Logo_SeaDataNet_fond_transparent.png Graphic file (type png)

<use ./figures/Logo_SeaDataNet_fond_transparent.png>
Package pdftex.def Info: ./figures/Logo_SeaDataNet_fond_transparent.png used on
 input line 914.
(pdftex.def)             Requested size: 26.24269pt x 14.22636pt.
 [39

]
Overfull \hbox (20.61018pt too wide) in paragraph at lines 946--946
[][]\T1/pcr/m/n/10 Temperature.19002010.0103.100xx.100yy.fieldgher.ref[]  
 []

File: ./figures/gherlogo_transparent.PNG Graphic file (type png)
<use ./figures/gherlogo_transparent.PNG>
Package pdftex.def Info: ./figures/gherlogo_transparent.PNG used on input line 
946.
(pdftex.def)             Requested size: 16.50761pt x 14.22636pt.
File: ./figures/Logo_SeaDataNet_fond_transparent.png Graphic file (type png)

<use ./figures/Logo_SeaDataNet_fond_transparent.png>
Package pdftex.def Info: ./figures/Logo_SeaDataNet_fond_transparent.png used on
 input line 946.
(pdftex.def)             Requested size: 26.24269pt x 14.22636pt.
 [40

]
File: ./figures/gherlogo_transparent.PNG Graphic file (type png)

<use ./figures/gherlogo_transparent.PNG>
Package pdftex.def Info: ./figures/gherlogo_transparent.PNG used on input line 
984.
(pdftex.def)             Requested size: 16.50761pt x 14.22636pt.
File: ./figures/Logo_SeaDataNet_fond_transparent.png Graphic file (type png)

<use ./figures/Logo_SeaDataNet_fond_transparent.png>
Package pdftex.def Info: ./figures/Logo_SeaDataNet_fond_transparent.png used on
 input line 984.
(pdftex.def)             Requested size: 26.24269pt x 14.22636pt.
 [41

]
File: ./figures/gherlogo_transparent.PNG Graphic file (type png)

<use ./figures/gherlogo_transparent.PNG>
Package pdftex.def Info: ./figures/gherlogo_transparent.PNG used on input line 
1012.
(pdftex.def)             Requested size: 16.50761pt x 14.22636pt.
File: ./figures/Logo_SeaDataNet_fond_transparent.png Graphic file (type png)

<use ./figures/Logo_SeaDataNet_fond_transparent.png>
Package pdftex.def Info: ./figures/Logo_SeaDataNet_fond_transparent.png used on
 input line 1012.
(pdftex.def)             Requested size: 26.24269pt x 14.22636pt.
 [42

]
(./DivaLecce2016_diva4D.toc)
File: ./figures/gherlogo_transparent.PNG Graphic file (type png)
 <use ./figures/gherlogo_transparent.PNG>
Package pdftex.def Info: ./figures/gherlogo_transparent.PNG used on input line 
1015.
(pdftex.def)             Requested size: 16.50761pt x 14.22636pt.
File: ./figures/Logo_SeaDataNet_fond_transparent.png Graphic file (type png)

<use ./figures/Logo_SeaDataNet_fond_transparent.png>
Package pdftex.def Info: ./figures/Logo_SeaDataNet_fond_transparent.png used on
 input line 1015.
(pdftex.def)             Requested size: 26.24269pt x 14.22636pt.
 [43

]
File: ./figures/gherlogo_transparent.PNG Graphic file (type png)

<use ./figures/gherlogo_transparent.PNG>
Package pdftex.def Info: ./figures/gherlogo_transparent.PNG used on input line 
1045.
(pdftex.def)             Requested size: 16.50761pt x 14.22636pt.
File: ./figures/Logo_SeaDataNet_fond_transparent.png Graphic file (type png)

<use ./figures/Logo_SeaDataNet_fond_transparent.png>
Package pdftex.def Info: ./figures/Logo_SeaDataNet_fond_transparent.png used on
 input line 1045.
(pdftex.def)             Requested size: 26.24269pt x 14.22636pt.
 [44

]
<./figures/DSCN1615.JPG, id=443, 886.06032pt x 1800.7275pt>
File: ./figures/DSCN1615.JPG Graphic file (type jpg)

<use ./figures/DSCN1615.JPG>
Package pdftex.def Info: ./figures/DSCN1615.JPG used on input line 1078.
(pdftex.def)             Requested size: 96.79521pt x 196.70679pt.
File: ./figures/gherlogo_transparent.PNG Graphic file (type png)
 <use ./figures/gherlogo_transparent.PNG>
Package pdftex.def Info: ./figures/gherlogo_transparent.PNG used on input line 
1078.
(pdftex.def)             Requested size: 16.50761pt x 14.22636pt.
File: ./figures/Logo_SeaDataNet_fond_transparent.png Graphic file (type png)

<use ./figures/Logo_SeaDataNet_fond_transparent.png>
Package pdftex.def Info: ./figures/Logo_SeaDataNet_fond_transparent.png used on
 input line 1078.
(pdftex.def)             Requested size: 26.24269pt x 14.22636pt.
 [45

 <./figures/DSCN1615.JPG>]
File: ./figures/gherlogo_transparent.PNG Graphic file (type png)
 <use ./figures/gherlogo_transparent.PNG>
Package pdftex.def Info: ./figures/gherlogo_transparent.PNG used on input line 
1078.
(pdftex.def)             Requested size: 16.50761pt x 14.22636pt.
File: ./figures/Logo_SeaDataNet_fond_transparent.png Graphic file (type png)

<use ./figures/Logo_SeaDataNet_fond_transparent.png>
Package pdftex.def Info: ./figures/Logo_SeaDataNet_fond_transparent.png used on
 input line 1078.
(pdftex.def)             Requested size: 26.24269pt x 14.22636pt.
 [46

]
<./figures/Italia08_025.jpg, id=454, 345.23886pt x 472.28676pt>
File: ./figures/Italia08_025.jpg Graphic file (type jpg)

<use ./figures/Italia08_025.jpg>
Package pdftex.def Info: ./figures/Italia08_025.jpg used on input line 1078.
(pdftex.def)             Requested size: 110.62401pt x 151.32942pt.
File: ./figures/gherlogo_transparent.PNG Graphic file (type png)
 <use ./figures/gherlogo_transparent.PNG>
Package pdftex.def Info: ./figures/gherlogo_transparent.PNG used on input line 
1078.
(pdftex.def)             Requested size: 16.50761pt x 14.22636pt.
File: ./figures/Logo_SeaDataNet_fond_transparent.png Graphic file (type png)

<use ./figures/Logo_SeaDataNet_fond_transparent.png>
Package pdftex.def Info: ./figures/Logo_SeaDataNet_fond_transparent.png used on
 input line 1078.
(pdftex.def)             Requested size: 26.24269pt x 14.22636pt.
 [47

 <./figures/Italia08_025.jpg>]
\tf@nav=\write7
\openout7 = `DivaLecce2016_diva4D.nav'.

\tf@toc=\write8
\openout8 = `DivaLecce2016_diva4D.toc'.

\tf@snm=\write9
\openout9 = `DivaLecce2016_diva4D.snm'.

Package atveryend Info: Empty hook `BeforeClearDocument' on input line 1081.
Package atveryend Info: Empty hook `AfterLastShipout' on input line 1081.
 (./DivaLecce2016_diva4D.aux)
Package atveryend Info: Executing hook `AtVeryEndDocument' on input line 1081.
Package atveryend Info: Executing hook `AtEndAfterFileList' on input line 1081.

Package rerunfilecheck Info: File `DivaLecce2016_diva4D.out' has not changed.
(rerunfilecheck)             Checksum: 0EADF5D213FD4A480760665B0A2C70D6;884.
Package atveryend Info: Empty hook `AtVeryVeryEnd' on input line 1081.
 ) 
Here is how much of TeX's memory you used:
 26024 strings out of 493085
 508597 string characters out of 6136916
 641347 words of memory out of 5000000
 28732 multiletter control sequences out of 15000+600000
 56946 words of font info for 89 fonts, out of 8000000 for 9000
 1141 hyphenation exceptions out of 8191
 58i,17n,67p,459b,1281s stack positions out of 5000i,500n,10000p,200000b,80000s
{/usr/share/texlive/texmf-dist/fonts/enc/dvips/base/8r.enc}</usr/share/texliv
e/texmf-dist/fonts/type1/public/amsfonts/cm/cmmi10.pfb></usr/share/texlive/texm
f-dist/fonts/type1/public/amsfonts/cm/cmmi6.pfb></usr/share/texlive/texmf-dist/
fonts/type1/public/amsfonts/cm/cmr10.pfb></usr/share/texlive/texmf-dist/fonts/t
ype1/public/amsfonts/cm/cmr6.pfb></usr/share/texlive/texmf-dist/fonts/type1/pub
lic/amsfonts/cm/cmsy6.pfb></usr/share/texlive/texmf-dist/fonts/type1/public/ams
fonts/cm/cmsy8.pfb></usr/share/texlive/texmf-dist/fonts/type1/urw/courier/ucrr8
a.pfb></usr/share/texlive/texmf-dist/fonts/type1/urw/courier/ucrro8a.pfb></usr/
share/texlive/texmf-dist/fonts/type1/urw/helvetic/uhvr8a.pfb></usr/share/texliv
e/texmf-dist/fonts/type1/urw/times/utmb8a.pfb></usr/share/texlive/texmf-dist/fo
nts/type1/urw/times/utmr8a.pfb></usr/share/texlive/texmf-dist/fonts/type1/urw/t
imes/utmri8a.pfb>
Output written on DivaLecce2016_diva4D.pdf (47 pages, 2590748 bytes).
PDF statistics:
 527 PDF objects out of 1000 (max. 8388607)
 438 compressed objects within 5 object streams
 107 named destinations out of 1000 (max. 500000)
 214 words of extra memory for PDF output out of 10000 (max. 10000000)

